2025-12-18 17:24:47,661 - SerialWorker - INFO - SerialWorker corrigé initialisé
2025-12-18 17:24:48,053 - SerialWorker - INFO - Démarrage lecture
2025-12-18 17:24:48,054 - SerialWorker - INFO - Arrêt lecture
2025-12-18 18:01:42,415 - SerialWorker - INFO - Déconnexion
2025-12-18 18:01:42,416 - __main__ - INFO - Déconnecté
2025-12-18 18:11:40,502 - SerialWorker - INFO - SerialWorker corrigé initialisé
2025-12-18 18:11:40,705 - SerialWorker - INFO - Démarrage lecture
2025-12-18 18:11:40,706 - SerialWorker - INFO - Arrêt lecture
2025-12-18 18:11:53,459 - SerialWorker - INFO - Déconnexion
2025-12-18 18:11:53,460 - __main__ - INFO - Déconnecté
2025-12-18 18:12:47,300 - SerialWorker - INFO - SerialWorker corrigé initialisé
2025-12-18 18:12:47,531 - SerialWorker - INFO - Démarrage lecture
2025-12-18 18:12:47,532 - SerialWorker - INFO - Arrêt lecture
2025-12-18 18:12:53,150 - SerialWorker - INFO - Démarrage lecture
2025-12-18 18:12:53,150 - __main__ - INFO - Connecté à COM4. Attente démarrage...
2025-12-18 18:12:56,793 - SerialWorker - INFO - Déconnexion
2025-12-18 18:12:56,794 - __main__ - INFO - Déconnecté
2025-12-18 18:12:56,802 - SerialWorker - INFO - Arrêt lecture
2025-12-18 18:12:59,901 - SerialWorker - INFO - Démarrage lecture
2025-12-18 18:12:59,901 - __main__ - INFO - Connecté à COM8. Attente démarrage...
2025-12-18 18:13:03,151 - SerialWorker - INFO - Envoi HELLO après démarrage
2025-12-18 18:13:03,252 - SerialWorker - INFO - Envoi HELLO: 30
2025-12-18 18:13:03,252 - __main__ - INFO - HELLO envoyé
2025-12-18 18:13:07,833 - SerialWorker - INFO - Reçu 2 octets: 3035...
2025-12-18 18:13:07,834 - SerialWorker - INFO - Buffer: 3035...
2025-12-18 18:13:07,836 - SerialWorker - INFO - HELLO: Première connexion
2025-12-18 18:13:07,837 - __main__ - INFO - Première connexion établie
2025-12-18 18:13:07,837 - __main__ - INFO - Commande HELLO: succès
2025-12-18 18:13:08,253 - SerialWorker - INFO - Envoi STATUS après démarrage
2025-12-18 18:13:08,353 - SerialWorker - INFO - Envoi STATUS: 38
2025-12-18 18:13:08,355 - __main__ - INFO - STATUS envoyé
2025-12-18 18:13:09,901 - SerialWorker - INFO - Envoi HELLO après démarrage
2025-12-18 18:13:09,902 - SerialWorker - WARNING - Impossible d'envoyer HELLO: commande en cours
2025-12-18 18:13:11,167 - SerialWorker - INFO - Reçu 1 octets: 5b...
2025-12-18 18:13:11,167 - SerialWorker - INFO - Buffer: 5b...
2025-12-18 18:13:11,168 - SerialWorker - INFO - Buffer ASCII: [...
2025-12-18 18:13:11,168 - SerialWorker - INFO - Début '[' détecté
2025-12-18 18:13:11,179 - SerialWorker - INFO - Reçu 12 octets: 32332e32372333392e353823...
2025-12-18 18:13:11,179 - SerialWorker - INFO - Buffer: 5b32332e32372333392e353823...
2025-12-18 18:13:11,180 - SerialWorker - INFO - Buffer ASCII: [23.27#39.58#...
2025-12-18 18:13:11,190 - SerialWorker - INFO - Reçu 10 octets: 2d34372e303923382e37...
2025-12-18 18:13:11,190 - SerialWorker - INFO - Buffer: 5b32332e32372333392e3538232d34372e303923382e37...
2025-12-18 18:13:11,190 - SerialWorker - INFO - Buffer ASCII: [23.27#39.58#-47.09#8.7...
2025-12-18 18:13:11,201 - SerialWorker - INFO - Reçu 11 octets: 37233235352e3030233323...
2025-12-18 18:13:11,201 - SerialWorker - INFO - Buffer: 5b32332e32372333392e3538232d34372e303923382e3737233235352e3030233323...
2025-12-18 18:13:11,202 - SerialWorker - INFO - Buffer ASCII: [23.27#39.58#-47.09#8.77#255.00#3#...
2025-12-18 18:13:11,212 - SerialWorker - INFO - Reçu 3 octets: 335d35...
2025-12-18 18:13:11,213 - SerialWorker - INFO - Buffer: 5b32332e32372333392e3538232d34372e303923382e3737233235352e3030233323335d35...
2025-12-18 18:13:11,213 - SerialWorker - INFO - Buffer ASCII: [23.27#39.58#-47.09#8.77#255.00#3#3]5...
2025-12-18 18:13:11,213 - SerialWorker - INFO - Fin ']' détectée à la position 35
2025-12-18 18:13:11,213 - SerialWorker - INFO - ACK 0x35 détecté après ']'
2025-12-18 18:13:11,214 - SerialWorker - INFO - Données STATUS brutes: 23.27#39.58#-47.09#8.77#255.00#3#3
2025-12-18 18:13:11,214 - SerialWorker - INFO - STATUS parsé: {'temperature': 23.27, 'humidity': 39.58, 'tube_temperature': -47.09, 'dew_point': 8.77, 'pwm': 255.0, 'delta_temp': 3, 'dew_offset': 3}
2025-12-18 18:13:11,217 - __main__ - INFO - Commande STATUS: succès
2025-12-18 18:13:14,902 - SerialWorker - INFO - Envoi STATUS après démarrage
2025-12-18 18:13:15,003 - SerialWorker - INFO - Envoi STATUS: 38
2025-12-18 18:13:15,004 - __main__ - INFO - STATUS envoyé
2025-12-18 18:13:17,846 - SerialWorker - INFO - Reçu 4 octets: 5b32332e...
2025-12-18 18:13:17,847 - SerialWorker - INFO - Buffer: 5b32332e...
2025-12-18 18:13:17,847 - SerialWorker - INFO - Buffer ASCII: [23....
2025-12-18 18:13:17,848 - SerialWorker - INFO - Début '[' détecté
2025-12-18 18:13:17,859 - SerialWorker - INFO - Reçu 12 octets: 32372333392e3435232d3437...
2025-12-18 18:13:17,859 - SerialWorker - INFO - Buffer: 5b32332e32372333392e3435232d3437...
2025-12-18 18:13:17,859 - SerialWorker - INFO - Buffer ASCII: [23.27#39.45#-47...
2025-12-18 18:13:17,870 - SerialWorker - INFO - Reçu 11 octets: 2e303923382e3732233235...
2025-12-18 18:13:17,870 - SerialWorker - INFO - Buffer: 5b32332e32372333392e3435232d34372e303923382e3732233235...
2025-12-18 18:13:17,871 - SerialWorker - INFO - Buffer ASCII: [23.27#39.45#-47.09#8.72#25...
2025-12-18 18:13:17,882 - SerialWorker - INFO - Reçu 10 octets: 352e3030233323335d35...
2025-12-18 18:13:17,882 - SerialWorker - INFO - Buffer: 5b32332e32372333392e3435232d34372e303923382e3732233235352e3030233323335d35...
2025-12-18 18:13:17,882 - SerialWorker - INFO - Buffer ASCII: [23.27#39.45#-47.09#8.72#255.00#3#3]5...
2025-12-18 18:13:17,883 - SerialWorker - INFO - Fin ']' détectée à la position 35
2025-12-18 18:13:17,883 - SerialWorker - INFO - ACK 0x35 détecté après ']'
2025-12-18 18:13:17,883 - SerialWorker - INFO - Données STATUS brutes: 23.27#39.45#-47.09#8.72#255.00#3#3
2025-12-18 18:13:17,883 - SerialWorker - INFO - STATUS parsé: {'temperature': 23.27, 'humidity': 39.45, 'tube_temperature': -47.09, 'dew_point': 8.72, 'pwm': 255.0, 'delta_temp': 3, 'dew_offset': 3}
2025-12-18 18:13:17,892 - __main__ - INFO - Commande STATUS: succès
2025-12-18 18:13:54,510 - SerialWorker - INFO - Envoi REGUL: 37
2025-12-18 18:13:54,511 - __main__ - INFO - REGUL envoyé
2025-12-18 18:13:54,564 - SerialWorker - INFO - Reçu 1 octets: 35...
2025-12-18 18:13:54,564 - SerialWorker - INFO - Buffer: 35...
2025-12-18 18:13:54,565 - SerialWorker - INFO - REGUL: ACK reçu
2025-12-18 18:13:54,568 - __main__ - INFO - Commande REGUL: succès
2025-12-18 18:13:57,766 - SerialWorker - INFO - Envoi STATUS: 38
2025-12-18 18:13:57,767 - __main__ - INFO - STATUS envoyé
2025-12-18 18:13:57,902 - SerialWorker - INFO - Reçu 1 octets: 5b...
2025-12-18 18:13:57,903 - SerialWorker - INFO - Buffer: 5b...
2025-12-18 18:13:57,904 - SerialWorker - INFO - Buffer ASCII: [...
2025-12-18 18:13:57,904 - SerialWorker - INFO - Début '[' détecté
2025-12-18 18:13:57,915 - SerialWorker - INFO - Reçu 12 octets: 32332e33302333392e333323...
2025-12-18 18:13:57,915 - SerialWorker - INFO - Buffer: 5b32332e33302333392e333323...
2025-12-18 18:13:57,916 - SerialWorker - INFO - Buffer ASCII: [23.30#39.33#...
2025-12-18 18:13:57,927 - SerialWorker - INFO - Reçu 12 octets: 2d34362e343123382e373023...
2025-12-18 18:13:57,927 - SerialWorker - INFO - Buffer: 5b32332e33302333392e3333232d34362e343123382e373023...
2025-12-18 18:13:57,928 - SerialWorker - INFO - Buffer ASCII: [23.30#39.33#-46.41#8.70#...
2025-12-18 18:13:57,939 - SerialWorker - INFO - Reçu 11 octets: 3235352e3030233323335d...
2025-12-18 18:13:57,939 - SerialWorker - INFO - Buffer: 5b32332e33302333392e3333232d34362e343123382e3730233235352e3030233323335d...
2025-12-18 18:13:57,940 - SerialWorker - INFO - Buffer ASCII: [23.30#39.33#-46.41#8.70#255.00#3#3]...
2025-12-18 18:13:57,940 - SerialWorker - INFO - Fin ']' détectée à la position 35
2025-12-18 18:13:57,951 - SerialWorker - INFO - Reçu 1 octets: 35...
2025-12-18 18:13:57,951 - SerialWorker - INFO - Buffer: 5b32332e33302333392e3333232d34362e343123382e3730233235352e3030233323335d35...
2025-12-18 18:13:57,951 - SerialWorker - INFO - Buffer ASCII: [23.30#39.33#-46.41#8.70#255.00#3#3]5...
2025-12-18 18:13:57,952 - SerialWorker - INFO - ACK 0x35 reçu après attente
2025-12-18 18:13:57,952 - SerialWorker - INFO - Données STATUS brutes: 23.30#39.33#-46.41#8.70#255.00#3#3
2025-12-18 18:13:57,952 - SerialWorker - INFO - STATUS parsé: {'temperature': 23.3, 'humidity': 39.33, 'tube_temperature': -46.41, 'dew_point': 8.7, 'pwm': 255.0, 'delta_temp': 3, 'dew_offset': 3}
2025-12-18 18:13:57,961 - __main__ - INFO - Commande STATUS: succès
2025-12-18 18:14:11,018 - SerialWorker - INFO - Envoi FULL: 36cc
2025-12-18 18:14:11,019 - __main__ - INFO - FULL envoyé
2025-12-18 18:14:11,265 - SerialWorker - INFO - Reçu 1 octets: 35...
2025-12-18 18:14:11,265 - SerialWorker - INFO - Buffer: 35...
2025-12-18 18:14:11,266 - SerialWorker - INFO - FULL: ACK reçu
2025-12-18 18:14:11,266 - __main__ - INFO - Commande FULL: succès
2025-12-18 18:14:16,082 - SerialWorker - INFO - Envoi STATUS: 38
2025-12-18 18:14:16,083 - __main__ - INFO - STATUS envoyé
2025-12-18 18:14:17,936 - SerialWorker - INFO - Reçu 5 octets: 5b32332e33...
2025-12-18 18:14:17,937 - SerialWorker - INFO - Buffer: 5b32332e33...
2025-12-18 18:14:17,938 - SerialWorker - INFO - Buffer ASCII: [23.3...
2025-12-18 18:14:17,938 - SerialWorker - INFO - Début '[' détecté
2025-12-18 18:14:17,948 - SerialWorker - INFO - Reçu 11 octets: 322333392e3132232d3437...
2025-12-18 18:14:17,948 - SerialWorker - INFO - Buffer: 5b32332e33322333392e3132232d3437...
2025-12-18 18:14:17,949 - SerialWorker - INFO - Buffer ASCII: [23.32#39.12#-47...
2025-12-18 18:14:17,960 - SerialWorker - INFO - Reçu 11 octets: 2e353723382e3634233230...
2025-12-18 18:14:17,960 - SerialWorker - INFO - Buffer: 5b32332e33322333392e3132232d34372e353723382e3634233230...
2025-12-18 18:14:17,960 - SerialWorker - INFO - Buffer ASCII: [23.32#39.12#-47.57#8.64#20...
2025-12-18 18:14:17,971 - SerialWorker - INFO - Reçu 10 octets: 342e3030233323335d35...
2025-12-18 18:14:17,971 - SerialWorker - INFO - Buffer: 5b32332e33322333392e3132232d34372e353723382e3634233230342e3030233323335d35...
2025-12-18 18:14:17,972 - SerialWorker - INFO - Buffer ASCII: [23.32#39.12#-47.57#8.64#204.00#3#3]5...
2025-12-18 18:14:17,973 - SerialWorker - INFO - Fin ']' détectée à la position 35
2025-12-18 18:14:17,973 - SerialWorker - INFO - ACK 0x35 détecté après ']'
2025-12-18 18:14:17,973 - SerialWorker - INFO - Données STATUS brutes: 23.32#39.12#-47.57#8.64#204.00#3#3
2025-12-18 18:14:17,973 - SerialWorker - INFO - STATUS parsé: {'temperature': 23.32, 'humidity': 39.12, 'tube_temperature': -47.57, 'dew_point': 8.64, 'pwm': 204.0, 'delta_temp': 3, 'dew_offset': 3}
2025-12-18 18:14:17,996 - __main__ - INFO - Commande STATUS: succès
2025-12-18 18:14:39,838 - SerialWorker - INFO - Envoi SAVE: 39
2025-12-18 18:14:39,839 - __main__ - INFO - SAVE envoyé
2025-12-18 18:14:41,312 - SerialWorker - INFO - Reçu 1 octets: 35...
2025-12-18 18:14:41,313 - SerialWorker - INFO - Buffer: 35...
2025-12-18 18:14:41,313 - SerialWorker - INFO - SAVE: ACK reçu
2025-12-18 18:14:41,314 - __main__ - INFO - Commande SAVE: succès
2025-12-18 18:14:43,793 - SerialWorker - INFO - Déconnexion
2025-12-18 18:14:43,796 - SerialWorker - INFO - Arrêt lecture
2025-12-18 18:14:43,902 - __main__ - INFO - Déconnecté
2025-12-18 18:14:49,236 - SerialWorker - INFO - Démarrage lecture
2025-12-18 18:14:49,237 - __main__ - INFO - Connecté à COM8. Attente démarrage...
2025-12-18 18:14:59,237 - SerialWorker - INFO - Envoi HELLO après démarrage
2025-12-18 18:14:59,338 - SerialWorker - INFO - Envoi HELLO: 30
2025-12-18 18:14:59,339 - __main__ - INFO - HELLO envoyé
2025-12-18 18:15:00,504 - SerialWorker - INFO - Reçu 2 octets: 3035...
2025-12-18 18:15:00,505 - SerialWorker - INFO - Buffer: 3035...
2025-12-18 18:15:00,505 - SerialWorker - INFO - HELLO: Première connexion
2025-12-18 18:15:00,506 - __main__ - INFO - Première connexion établie
2025-12-18 18:15:00,507 - __main__ - INFO - Commande HELLO: succès
2025-12-18 18:15:04,339 - SerialWorker - INFO - Envoi STATUS après démarrage
2025-12-18 18:15:04,440 - SerialWorker - INFO - Envoi STATUS: 38
2025-12-18 18:15:04,442 - __main__ - INFO - STATUS envoyé
2025-12-18 18:15:07,186 - SerialWorker - INFO - Reçu 9 octets: 5b32332e3334233339...
2025-12-18 18:15:07,187 - SerialWorker - INFO - Buffer: 5b32332e3334233339...
2025-12-18 18:15:07,188 - SerialWorker - INFO - Buffer ASCII: [23.34#39...
2025-12-18 18:15:07,188 - SerialWorker - INFO - Début '[' détecté
2025-12-18 18:15:07,199 - SerialWorker - INFO - Reçu 12 octets: 2e3132232d34362e34312338...
2025-12-18 18:15:07,199 - SerialWorker - INFO - Buffer: 5b32332e33342333392e3132232d34362e34312338...
2025-12-18 18:15:07,200 - SerialWorker - INFO - Buffer ASCII: [23.34#39.12#-46.41#8...
2025-12-18 18:15:07,210 - SerialWorker - INFO - Reçu 11 octets: 2e3636233230342e303023...
2025-12-18 18:15:07,210 - SerialWorker - INFO - Buffer: 5b32332e33342333392e3132232d34362e343123382e3636233230342e303023...
2025-12-18 18:15:07,210 - SerialWorker - INFO - Buffer ASCII: [23.34#39.12#-46.41#8.66#204.00#...
2025-12-18 18:15:07,222 - SerialWorker - INFO - Reçu 5 octets: 3323335d35...
2025-12-18 18:15:07,222 - SerialWorker - INFO - Buffer: 5b32332e33342333392e3132232d34362e343123382e3636233230342e3030233323335d35...
2025-12-18 18:15:07,223 - SerialWorker - INFO - Buffer ASCII: [23.34#39.12#-46.41#8.66#204.00#3#3]5...
2025-12-18 18:15:07,223 - SerialWorker - INFO - Fin ']' détectée à la position 35
2025-12-18 18:15:07,223 - SerialWorker - INFO - ACK 0x35 détecté après ']'
2025-12-18 18:15:07,223 - SerialWorker - INFO - Données STATUS brutes: 23.34#39.12#-46.41#8.66#204.00#3#3
2025-12-18 18:15:07,223 - SerialWorker - INFO - STATUS parsé: {'temperature': 23.34, 'humidity': 39.12, 'tube_temperature': -46.41, 'dew_point': 8.66, 'pwm': 204.0, 'delta_temp': 3, 'dew_offset': 3}
2025-12-18 18:15:07,241 - __main__ - INFO - Commande STATUS: succès
2025-12-18 18:16:49,328 - SerialWorker - INFO - Envoi STATUS: 38
2025-12-18 18:16:49,329 - __main__ - INFO - STATUS envoyé
2025-12-18 18:16:50,673 - SerialWorker - INFO - Reçu 11 octets: 5b32332e34352333392e33...
2025-12-18 18:16:50,673 - SerialWorker - INFO - Buffer: 5b32332e34352333392e33...
2025-12-18 18:16:50,673 - SerialWorker - INFO - Buffer ASCII: [23.45#39.3...
2025-12-18 18:16:50,674 - SerialWorker - INFO - Début '[' détecté
2025-12-18 18:16:50,685 - SerialWorker - INFO - Reçu 11 octets: 35232d34372e303923382e...
2025-12-18 18:16:50,685 - SerialWorker - INFO - Buffer: 5b32332e34352333392e3335232d34372e303923382e...
2025-12-18 18:16:50,685 - SerialWorker - INFO - Buffer ASCII: [23.45#39.35#-47.09#8....
2025-12-18 18:16:50,696 - SerialWorker - INFO - Reçu 11 octets: 3834233230342e30302333...
2025-12-18 18:16:50,696 - SerialWorker - INFO - Buffer: 5b32332e34352333392e3335232d34372e303923382e3834233230342e30302333...
2025-12-18 18:16:50,697 - SerialWorker - INFO - Buffer ASCII: [23.45#39.35#-47.09#8.84#204.00#3...
2025-12-18 18:16:50,707 - SerialWorker - INFO - Reçu 4 octets: 23335d35...
2025-12-18 18:16:50,708 - SerialWorker - INFO - Buffer: 5b32332e34352333392e3335232d34372e303923382e3834233230342e3030233323335d35...
2025-12-18 18:16:50,708 - SerialWorker - INFO - Buffer ASCII: [23.45#39.35#-47.09#8.84#204.00#3#3]5...
2025-12-18 18:16:50,708 - SerialWorker - INFO - Fin ']' détectée à la position 35
2025-12-18 18:16:50,708 - SerialWorker - INFO - ACK 0x35 détecté après ']'
2025-12-18 18:16:50,709 - SerialWorker - INFO - Données STATUS brutes: 23.45#39.35#-47.09#8.84#204.00#3#3
2025-12-18 18:16:50,709 - SerialWorker - INFO - STATUS parsé: {'temperature': 23.45, 'humidity': 39.35, 'tube_temperature': -47.09, 'dew_point': 8.84, 'pwm': 204.0, 'delta_temp': 3, 'dew_offset': 3}
2025-12-18 18:16:50,732 - __main__ - INFO - Commande STATUS: succès
2025-12-18 18:18:49,326 - SerialWorker - INFO - Envoi STATUS: 38
2025-12-18 18:18:49,327 - __main__ - INFO - STATUS envoyé
2025-12-18 18:18:50,847 - SerialWorker - INFO - Reçu 7 octets: 5b32332e353823...
2025-12-18 18:18:50,847 - SerialWorker - INFO - Buffer: 5b32332e353823...
2025-12-18 18:18:50,848 - SerialWorker - INFO - Buffer ASCII: [23.58#...
2025-12-18 18:18:50,848 - SerialWorker - INFO - Début '[' détecté
2025-12-18 18:18:50,859 - SerialWorker - INFO - Reçu 12 octets: 33392e3030232d34362e3038...
2025-12-18 18:18:50,859 - SerialWorker - INFO - Buffer: 5b32332e35382333392e3030232d34362e3038...
2025-12-18 18:18:50,860 - SerialWorker - INFO - Buffer ASCII: [23.58#39.00#-46.08...
2025-12-18 18:18:50,870 - SerialWorker - INFO - Reçu 11 octets: 23382e3833233230342e30...
2025-12-18 18:18:50,871 - SerialWorker - INFO - Buffer: 5b32332e35382333392e3030232d34362e303823382e3833233230342e30...
2025-12-18 18:18:50,871 - SerialWorker - INFO - Buffer ASCII: [23.58#39.00#-46.08#8.83#204.0...
2025-12-18 18:18:50,882 - SerialWorker - INFO - Reçu 7 octets: 30233323335d35...
2025-12-18 18:18:50,882 - SerialWorker - INFO - Buffer: 5b32332e35382333392e3030232d34362e303823382e3833233230342e3030233323335d35...
2025-12-18 18:18:50,883 - SerialWorker - INFO - Buffer ASCII: [23.58#39.00#-46.08#8.83#204.00#3#3]5...
2025-12-18 18:18:50,883 - SerialWorker - INFO - Fin ']' détectée à la position 35
2025-12-18 18:18:50,883 - SerialWorker - INFO - ACK 0x35 détecté après ']'
2025-12-18 18:18:50,883 - SerialWorker - INFO - Données STATUS brutes: 23.58#39.00#-46.08#8.83#204.00#3#3
2025-12-18 18:18:50,883 - SerialWorker - INFO - STATUS parsé: {'temperature': 23.58, 'humidity': 39.0, 'tube_temperature': -46.08, 'dew_point': 8.83, 'pwm': 204.0, 'delta_temp': 3, 'dew_offset': 3}
2025-12-18 18:18:50,910 - __main__ - INFO - Commande STATUS: succès
2025-12-18 18:20:49,345 - SerialWorker - INFO - Envoi STATUS: 38
2025-12-18 18:20:49,346 - __main__ - INFO - STATUS envoyé
2025-12-18 18:20:51,026 - SerialWorker - INFO - Reçu 9 octets: 5b32332e3732233338...
2025-12-18 18:20:51,026 - SerialWorker - INFO - Buffer: 5b32332e3732233338...
2025-12-18 18:20:51,026 - SerialWorker - INFO - Buffer ASCII: [23.72#38...
2025-12-18 18:20:51,027 - SerialWorker - INFO - Début '[' détecté
2025-12-18 18:20:51,038 - SerialWorker - INFO - Reçu 12 octets: 2e3639232d34362e35322338...
2025-12-18 18:20:51,038 - SerialWorker - INFO - Buffer: 5b32332e37322333382e3639232d34362e35322338...
2025-12-18 18:20:51,038 - SerialWorker - INFO - Buffer ASCII: [23.72#38.69#-46.52#8...
2025-12-18 18:20:51,049 - SerialWorker - INFO - Reçu 11 octets: 2e3833233230342e303023...
2025-12-18 18:20:51,049 - SerialWorker - INFO - Buffer: 5b32332e37322333382e3639232d34362e353223382e3833233230342e303023...
2025-12-18 18:20:51,049 - SerialWorker - INFO - Buffer ASCII: [23.72#38.69#-46.52#8.83#204.00#...
2025-12-18 18:20:51,060 - SerialWorker - INFO - Reçu 5 octets: 3323335d35...
2025-12-18 18:20:51,060 - SerialWorker - INFO - Buffer: 5b32332e37322333382e3639232d34362e353223382e3833233230342e3030233323335d35...
2025-12-18 18:20:51,060 - SerialWorker - INFO - Buffer ASCII: [23.72#38.69#-46.52#8.83#204.00#3#3]5...
2025-12-18 18:20:51,061 - SerialWorker - INFO - Fin ']' détectée à la position 35
2025-12-18 18:20:51,061 - SerialWorker - INFO - ACK 0x35 détecté après ']'
2025-12-18 18:20:51,062 - SerialWorker - INFO - Données STATUS brutes: 23.72#38.69#-46.52#8.83#204.00#3#3
2025-12-18 18:20:51,062 - SerialWorker - INFO - STATUS parsé: {'temperature': 23.72, 'humidity': 38.69, 'tube_temperature': -46.52, 'dew_point': 8.83, 'pwm': 204.0, 'delta_temp': 3, 'dew_offset': 3}
2025-12-18 18:20:51,107 - __main__ - INFO - Commande STATUS: succès
2025-12-18 18:22:49,341 - SerialWorker - INFO - Envoi STATUS: 38
2025-12-18 18:22:49,342 - __main__ - INFO - STATUS envoyé
2025-12-18 18:22:51,195 - SerialWorker - INFO - Reçu 2 octets: 5b32...
2025-12-18 18:22:51,195 - SerialWorker - INFO - Buffer: 5b32...
2025-12-18 18:22:51,195 - SerialWorker - INFO - Buffer ASCII: [2...
2025-12-18 18:22:51,196 - SerialWorker - INFO - Début '[' détecté
2025-12-18 18:22:51,207 - SerialWorker - INFO - Reçu 11 octets: 332e39302333382e333823...
2025-12-18 18:22:51,207 - SerialWorker - INFO - Buffer: 5b32332e39302333382e333823...
2025-12-18 18:22:51,207 - SerialWorker - INFO - Buffer ASCII: [23.90#38.38#...
2025-12-18 18:22:51,218 - SerialWorker - INFO - Reçu 11 octets: 2d34372e303923382e3837...
2025-12-18 18:22:51,218 - SerialWorker - INFO - Buffer: 5b32332e39302333382e3338232d34372e303923382e3837...
2025-12-18 18:22:51,219 - SerialWorker - INFO - Buffer ASCII: [23.90#38.38#-47.09#8.87...
2025-12-18 18:22:51,230 - SerialWorker - INFO - Reçu 11 octets: 233230342e303023332333...
2025-12-18 18:22:51,230 - SerialWorker - INFO - Buffer: 5b32332e39302333382e3338232d34372e303923382e3837233230342e303023332333...
2025-12-18 18:22:51,230 - SerialWorker - INFO - Buffer ASCII: [23.90#38.38#-47.09#8.87#204.00#3#3...
2025-12-18 18:22:51,241 - SerialWorker - INFO - Reçu 2 octets: 5d35...
2025-12-18 18:22:51,241 - SerialWorker - INFO - Buffer: 5b32332e39302333382e3338232d34372e303923382e3837233230342e3030233323335d35...
2025-12-18 18:22:51,242 - SerialWorker - INFO - Buffer ASCII: [23.90#38.38#-47.09#8.87#204.00#3#3]5...
2025-12-18 18:22:51,242 - SerialWorker - INFO - Fin ']' détectée à la position 35
2025-12-18 18:22:51,242 - SerialWorker - INFO - ACK 0x35 détecté après ']'
2025-12-18 18:22:51,242 - SerialWorker - INFO - Données STATUS brutes: 23.90#38.38#-47.09#8.87#204.00#3#3
2025-12-18 18:22:51,243 - SerialWorker - INFO - STATUS parsé: {'temperature': 23.9, 'humidity': 38.38, 'tube_temperature': -47.09, 'dew_point': 8.87, 'pwm': 204.0, 'delta_temp': 3, 'dew_offset': 3}
2025-12-18 18:22:51,287 - __main__ - INFO - Commande STATUS: succès
2025-12-18 18:23:56,214 - SerialWorker - INFO - Déconnexion
2025-12-18 18:23:56,217 - SerialWorker - INFO - Arrêt lecture
2025-12-18 18:23:56,325 - __main__ - INFO - Déconnecté
2025-12-18 18:24:00,298 - SerialWorker - INFO - Déconnexion
2025-12-18 18:24:00,298 - __main__ - INFO - Déconnecté
2025-12-18 18:24:03,447 - SerialWorker - INFO - SerialWorker corrigé initialisé
2025-12-18 18:24:03,639 - SerialWorker - INFO - Démarrage lecture
2025-12-18 18:24:03,639 - SerialWorker - INFO - Arrêt lecture
2025-12-18 18:24:22,638 - SerialWorker - INFO - Démarrage lecture
2025-12-18 18:24:22,639 - __main__ - INFO - Connecté à COM4. Attente démarrage...
2025-12-18 18:24:32,639 - SerialWorker - INFO - Envoi HELLO après démarrage
2025-12-18 18:24:32,740 - SerialWorker - INFO - Envoi HELLO: 30
2025-12-18 18:24:34,846 - SerialWorker - ERROR - Erreur envoi HELLO: Write timeout
2025-12-18 18:24:34,847 - __main__ - INFO - Erreur envoi HELLO: Write timeout
2025-12-18 18:24:35,726 - SerialWorker - INFO - Déconnexion
2025-12-18 18:24:35,727 - __main__ - INFO - Déconnecté
2025-12-18 18:24:35,733 - SerialWorker - INFO - Arrêt lecture
2025-12-18 18:24:38,552 - SerialWorker - INFO - Démarrage lecture
2025-12-18 18:24:38,553 - __main__ - INFO - Connecté à COM8. Attente démarrage...
2025-12-18 18:24:39,847 - SerialWorker - INFO - Envoi STATUS après démarrage
2025-12-18 18:24:39,948 - SerialWorker - INFO - Envoi STATUS: 38
2025-12-18 18:24:39,949 - __main__ - INFO - STATUS envoyé
2025-12-18 18:24:48,553 - SerialWorker - INFO - Envoi HELLO après démarrage
2025-12-18 18:24:48,553 - SerialWorker - WARNING - Impossible d'envoyer HELLO: commande en cours
2025-12-18 18:24:53,554 - SerialWorker - INFO - Envoi STATUS après démarrage
2025-12-18 18:24:53,554 - SerialWorker - WARNING - Impossible d'envoyer STATUS: commande en cours
2025-12-18 18:24:54,952 - SerialWorker - ERROR - Timeout STATUS (15.0s)
2025-12-18 18:24:54,952 - __main__ - INFO - Timeout STATUS
2025-12-18 18:24:54,953 - __main__ - INFO - Commande STATUS: échec
2025-12-18 18:25:00,211 - SerialWorker - INFO - Envoi STATUS: 38
2025-12-18 18:25:00,212 - __main__ - INFO - STATUS envoyé
2025-12-18 18:25:03,017 - SerialWorker - INFO - Reçu 5 octets: 5b32342e30...
2025-12-18 18:25:03,018 - SerialWorker - INFO - Buffer: 5b32342e30...
2025-12-18 18:25:03,018 - SerialWorker - INFO - Buffer ASCII: [24.0...
2025-12-18 18:25:03,018 - SerialWorker - INFO - Début '[' détecté
2025-12-18 18:25:03,030 - SerialWorker - INFO - Reçu 12 octets: 382333372e3835232d34362e...
2025-12-18 18:25:03,030 - SerialWorker - INFO - Buffer: 5b32342e30382333372e3835232d34362e...
2025-12-18 18:25:03,031 - SerialWorker - INFO - Buffer ASCII: [24.08#37.85#-46....
2025-12-18 18:25:03,041 - SerialWorker - INFO - Reçu 11 octets: 353223382e383323323034...
2025-12-18 18:25:03,042 - SerialWorker - INFO - Buffer: 5b32342e30382333372e3835232d34362e353223382e383323323034...
2025-12-18 18:25:03,042 - SerialWorker - INFO - Buffer ASCII: [24.08#37.85#-46.52#8.83#204...
2025-12-18 18:25:03,053 - SerialWorker - INFO - Reçu 9 octets: 2e3030233323335d35...
2025-12-18 18:25:03,053 - SerialWorker - INFO - Buffer: 5b32342e30382333372e3835232d34362e353223382e3833233230342e3030233323335d35...
2025-12-18 18:25:03,053 - SerialWorker - INFO - Buffer ASCII: [24.08#37.85#-46.52#8.83#204.00#3#3]5...
2025-12-18 18:25:03,054 - SerialWorker - INFO - Fin ']' détectée à la position 35
2025-12-18 18:25:03,054 - SerialWorker - INFO - ACK 0x35 détecté après ']'
2025-12-18 18:25:03,054 - SerialWorker - INFO - Données STATUS brutes: 24.08#37.85#-46.52#8.83#204.00#3#3
2025-12-18 18:25:03,054 - SerialWorker - INFO - STATUS parsé: {'temperature': 24.08, 'humidity': 37.85, 'tube_temperature': -46.52, 'dew_point': 8.83, 'pwm': 204.0, 'delta_temp': 3, 'dew_offset': 3}
2025-12-18 18:25:03,057 - __main__ - INFO - Commande STATUS: succès
2025-12-18 18:26:38,659 - SerialWorker - INFO - Envoi STATUS: 38
2025-12-18 18:26:38,660 - __main__ - INFO - STATUS envoyé
2025-12-18 18:26:39,828 - SerialWorker - INFO - Reçu 9 octets: 5b32342e3138233338...
2025-12-18 18:26:39,829 - SerialWorker - INFO - Buffer: 5b32342e3138233338...
2025-12-18 18:26:39,830 - SerialWorker - INFO - Buffer ASCII: [24.18#38...
2025-12-18 18:26:39,830 - SerialWorker - INFO - Début '[' détecté
2025-12-18 18:26:39,840 - SerialWorker - INFO - Reçu 12 octets: 2e3035232d34372e30392338...
2025-12-18 18:26:39,842 - SerialWorker - INFO - Buffer: 5b32342e31382333382e3035232d34372e30392338...
2025-12-18 18:26:39,842 - SerialWorker - INFO - Buffer ASCII: [24.18#38.05#-47.09#8...
2025-12-18 18:26:39,853 - SerialWorker - INFO - Reçu 12 octets: 2e3939233230342e30302333...
2025-12-18 18:26:39,853 - SerialWorker - INFO - Buffer: 5b32342e31382333382e3035232d34372e303923382e3939233230342e30302333...
2025-12-18 18:26:39,854 - SerialWorker - INFO - Buffer ASCII: [24.18#38.05#-47.09#8.99#204.00#3...
2025-12-18 18:26:39,864 - SerialWorker - INFO - Reçu 4 octets: 23335d35...
2025-12-18 18:26:39,864 - SerialWorker - INFO - Buffer: 5b32342e31382333382e3035232d34372e303923382e3939233230342e3030233323335d35...
2025-12-18 18:26:39,865 - SerialWorker - INFO - Buffer ASCII: [24.18#38.05#-47.09#8.99#204.00#3#3]5...
2025-12-18 18:26:39,865 - SerialWorker - INFO - Fin ']' détectée à la position 35
2025-12-18 18:26:39,865 - SerialWorker - INFO - ACK 0x35 détecté après ']'
2025-12-18 18:26:39,865 - SerialWorker - INFO - Données STATUS brutes: 24.18#38.05#-47.09#8.99#204.00#3#3
2025-12-18 18:26:39,866 - SerialWorker - INFO - STATUS parsé: {'temperature': 24.18, 'humidity': 38.05, 'tube_temperature': -47.09, 'dew_point': 8.99, 'pwm': 204.0, 'delta_temp': 3, 'dew_offset': 3}
2025-12-18 18:26:39,867 - __main__ - INFO - Commande STATUS: succès
2025-12-18 18:28:32,010 - SerialWorker - INFO - Déconnexion
2025-12-18 18:28:32,014 - SerialWorker - INFO - Arrêt lecture
2025-12-18 18:28:32,118 - __main__ - INFO - Déconnecté
2025-12-18 18:28:37,379 - SerialWorker - INFO - Déconnexion
2025-12-18 18:28:37,379 - __main__ - INFO - Déconnecté
2025-12-18 18:28:42,294 - SerialWorker - INFO - SerialWorker corrigé initialisé
2025-12-18 18:28:42,485 - SerialWorker - INFO - Démarrage lecture
2025-12-18 18:28:42,486 - SerialWorker - INFO - Arrêt lecture
2025-12-18 18:28:47,705 - SerialWorker - INFO - Démarrage lecture
2025-12-18 18:28:47,706 - __main__ - INFO - Connecté à COM8. Attente démarrage...
2025-12-18 18:28:57,706 - SerialWorker - INFO - Envoi HELLO après démarrage
2025-12-18 18:28:57,807 - SerialWorker - INFO - Envoi HELLO: 30
2025-12-18 18:28:57,808 - __main__ - INFO - HELLO envoyé
2025-12-18 18:28:58,975 - SerialWorker - INFO - Reçu 2 octets: 3035...
2025-12-18 18:28:58,976 - SerialWorker - INFO - Buffer: 3035...
2025-12-18 18:28:58,980 - SerialWorker - INFO - HELLO: Première connexion
2025-12-18 18:28:58,980 - __main__ - INFO - Première connexion établie
2025-12-18 18:28:58,981 - __main__ - INFO - Commande HELLO: succès
2025-12-18 18:29:02,808 - SerialWorker - INFO - Envoi STATUS après démarrage
2025-12-18 18:29:02,909 - SerialWorker - INFO - Envoi STATUS: 38
2025-12-18 18:29:02,909 - __main__ - INFO - STATUS envoyé
2025-12-18 18:29:05,654 - SerialWorker - INFO - Reçu 7 octets: 5b32342e333123...
2025-12-18 18:29:05,654 - SerialWorker - INFO - Buffer: 5b32342e333123...
2025-12-18 18:29:05,655 - SerialWorker - INFO - Buffer ASCII: [24.31#...
2025-12-18 18:29:05,656 - SerialWorker - INFO - Début '[' détecté
2025-12-18 18:29:05,666 - SerialWorker - INFO - Reçu 12 octets: 33372e3239232d34362e3139...
2025-12-18 18:29:05,666 - SerialWorker - INFO - Buffer: 5b32342e33312333372e3239232d34362e3139...
2025-12-18 18:29:05,667 - SerialWorker - INFO - Buffer ASCII: [24.31#37.29#-46.19...
2025-12-18 18:29:05,677 - SerialWorker - INFO - Reçu 11 octets: 23382e3831233230342e30...
2025-12-18 18:29:05,678 - SerialWorker - INFO - Buffer: 5b32342e33312333372e3239232d34362e313923382e3831233230342e30...
2025-12-18 18:29:05,678 - SerialWorker - INFO - Buffer ASCII: [24.31#37.29#-46.19#8.81#204.0...
2025-12-18 18:29:05,689 - SerialWorker - INFO - Reçu 7 octets: 30233323335d35...
2025-12-18 18:29:05,689 - SerialWorker - INFO - Buffer: 5b32342e33312333372e3239232d34362e313923382e3831233230342e3030233323335d35...
2025-12-18 18:29:05,690 - SerialWorker - INFO - Buffer ASCII: [24.31#37.29#-46.19#8.81#204.00#3#3]5...
2025-12-18 18:29:05,690 - SerialWorker - INFO - Fin ']' détectée à la position 35
2025-12-18 18:29:05,690 - SerialWorker - INFO - ACK 0x35 détecté après ']'
2025-12-18 18:29:05,690 - SerialWorker - INFO - Données STATUS brutes: 24.31#37.29#-46.19#8.81#204.00#3#3
2025-12-18 18:29:05,690 - SerialWorker - INFO - STATUS parsé: {'temperature': 24.31, 'humidity': 37.29, 'tube_temperature': -46.19, 'dew_point': 8.81, 'pwm': 204.0, 'delta_temp': 3, 'dew_offset': 3}
2025-12-18 18:29:05,692 - __main__ - INFO - Commande STATUS: succès
2025-12-18 18:30:47,814 - SerialWorker - INFO - Envoi STATUS: 38
2025-12-18 18:30:47,815 - __main__ - INFO - STATUS envoyé
2025-12-18 18:30:49,137 - SerialWorker - INFO - Reçu 6 octets: 5b32342e3430...
2025-12-18 18:30:49,137 - SerialWorker - INFO - Buffer: 5b32342e3430...
2025-12-18 18:30:49,138 - SerialWorker - INFO - Buffer ASCII: [24.40...
2025-12-18 18:30:49,138 - SerialWorker - INFO - Début '[' détecté
2025-12-18 18:30:49,149 - SerialWorker - INFO - Reçu 12 octets: 2333372e3032232d34362e38...
2025-12-18 18:30:49,149 - SerialWorker - INFO - Buffer: 5b32342e34302333372e3032232d34362e38...
2025-12-18 18:30:49,150 - SerialWorker - INFO - Buffer ASCII: [24.40#37.02#-46.8...
2025-12-18 18:30:49,160 - SerialWorker - INFO - Reçu 10 octets: 3623382e373923323034...
2025-12-18 18:30:49,161 - SerialWorker - INFO - Buffer: 5b32342e34302333372e3032232d34362e383623382e373923323034...
2025-12-18 18:30:49,161 - SerialWorker - INFO - Buffer ASCII: [24.40#37.02#-46.86#8.79#204...
2025-12-18 18:30:49,171 - SerialWorker - INFO - Reçu 9 octets: 2e3030233323335d35...
2025-12-18 18:30:49,172 - SerialWorker - INFO - Buffer: 5b32342e34302333372e3032232d34362e383623382e3739233230342e3030233323335d35...
2025-12-18 18:30:49,172 - SerialWorker - INFO - Buffer ASCII: [24.40#37.02#-46.86#8.79#204.00#3#3]5...
2025-12-18 18:30:49,172 - SerialWorker - INFO - Fin ']' détectée à la position 35
2025-12-18 18:30:49,172 - SerialWorker - INFO - ACK 0x35 détecté après ']'
2025-12-18 18:30:49,172 - SerialWorker - INFO - Données STATUS brutes: 24.40#37.02#-46.86#8.79#204.00#3#3
2025-12-18 18:30:49,173 - SerialWorker - INFO - STATUS parsé: {'temperature': 24.4, 'humidity': 37.02, 'tube_temperature': -46.86, 'dew_point': 8.79, 'pwm': 204.0, 'delta_temp': 3, 'dew_offset': 3}
2025-12-18 18:30:49,174 - __main__ - INFO - Commande STATUS: succès
2025-12-18 18:32:22,050 - SerialWorker - INFO - Envoi STATUS: 38
2025-12-18 18:32:22,051 - __main__ - INFO - STATUS envoyé
2025-12-18 18:32:22,602 - SerialWorker - INFO - Reçu 2 octets: 5b32...
2025-12-18 18:32:22,603 - SerialWorker - INFO - Buffer: 5b32...
2025-12-18 18:32:22,603 - SerialWorker - INFO - Buffer ASCII: [2...
2025-12-18 18:32:22,604 - SerialWorker - INFO - Début '[' détecté
2025-12-18 18:32:22,614 - SerialWorker - INFO - Reçu 12 octets: 342e34362333372e3336232d...
2025-12-18 18:32:22,615 - SerialWorker - INFO - Buffer: 5b32342e34362333372e3336232d...
2025-12-18 18:32:22,616 - SerialWorker - INFO - Buffer ASCII: [24.46#37.36#-...
2025-12-18 18:32:22,627 - SerialWorker - INFO - Reçu 11 octets: 34362e373523382e393723...
2025-12-18 18:32:22,627 - SerialWorker - INFO - Buffer: 5b32342e34362333372e3336232d34362e373523382e393723...
2025-12-18 18:32:22,627 - SerialWorker - INFO - Buffer ASCII: [24.46#37.36#-46.75#8.97#...
2025-12-18 18:32:22,639 - SerialWorker - INFO - Reçu 12 octets: 3230342e3030233323335d35...
2025-12-18 18:32:22,640 - SerialWorker - INFO - Buffer: 5b32342e34362333372e3336232d34362e373523382e3937233230342e3030233323335d35...
2025-12-18 18:32:22,641 - SerialWorker - INFO - Buffer ASCII: [24.46#37.36#-46.75#8.97#204.00#3#3]5...
2025-12-18 18:32:22,641 - SerialWorker - INFO - Fin ']' détectée à la position 35
2025-12-18 18:32:22,641 - SerialWorker - INFO - ACK 0x35 détecté après ']'
2025-12-18 18:32:22,641 - SerialWorker - INFO - Données STATUS brutes: 24.46#37.36#-46.75#8.97#204.00#3#3
2025-12-18 18:32:22,641 - SerialWorker - INFO - STATUS parsé: {'temperature': 24.46, 'humidity': 37.36, 'tube_temperature': -46.75, 'dew_point': 8.97, 'pwm': 204.0, 'delta_temp': 3, 'dew_offset': 3}
2025-12-18 18:32:22,643 - __main__ - INFO - Commande STATUS: succès
2025-12-18 18:32:47,813 - SerialWorker - INFO - Envoi STATUS: 38
2025-12-18 18:32:47,814 - __main__ - INFO - STATUS envoyé
2025-12-18 18:32:49,309 - SerialWorker - INFO - Reçu 2 octets: 5b32...
2025-12-18 18:32:49,310 - SerialWorker - INFO - Buffer: 5b32...
2025-12-18 18:32:49,310 - SerialWorker - INFO - Buffer ASCII: [2...
2025-12-18 18:32:49,311 - SerialWorker - INFO - Début '[' détecté
2025-12-18 18:32:49,322 - SerialWorker - INFO - Reçu 12 octets: 342e34392333372e3337232d...
2025-12-18 18:32:49,322 - SerialWorker - INFO - Buffer: 5b32342e34392333372e3337232d...
2025-12-18 18:32:49,322 - SerialWorker - INFO - Buffer ASCII: [24.49#37.37#-...
2025-12-18 18:32:49,333 - SerialWorker - INFO - Reçu 11 octets: 34352e333423392e303023...
2025-12-18 18:32:49,333 - SerialWorker - INFO - Buffer: 5b32342e34392333372e3337232d34352e333423392e303023...
2025-12-18 18:32:49,334 - SerialWorker - INFO - Buffer ASCII: [24.49#37.37#-45.34#9.00#...
2025-12-18 18:32:49,344 - SerialWorker - INFO - Reçu 11 octets: 3230342e3030233323335d...
2025-12-18 18:32:49,344 - SerialWorker - INFO - Buffer: 5b32342e34392333372e3337232d34352e333423392e3030233230342e3030233323335d...
2025-12-18 18:32:49,345 - SerialWorker - INFO - Buffer ASCII: [24.49#37.37#-45.34#9.00#204.00#3#3]...
2025-12-18 18:32:49,345 - SerialWorker - INFO - Fin ']' détectée à la position 35
2025-12-18 18:32:49,356 - SerialWorker - INFO - Reçu 1 octets: 35...
2025-12-18 18:32:49,357 - SerialWorker - INFO - Buffer: 5b32342e34392333372e3337232d34352e333423392e3030233230342e3030233323335d35...
2025-12-18 18:32:49,357 - SerialWorker - INFO - Buffer ASCII: [24.49#37.37#-45.34#9.00#204.00#3#3]5...
2025-12-18 18:32:49,357 - SerialWorker - INFO - ACK 0x35 reçu après attente
2025-12-18 18:32:49,357 - SerialWorker - INFO - Données STATUS brutes: 24.49#37.37#-45.34#9.00#204.00#3#3
2025-12-18 18:32:49,358 - SerialWorker - INFO - STATUS parsé: {'temperature': 24.49, 'humidity': 37.37, 'tube_temperature': -45.34, 'dew_point': 9.0, 'pwm': 204.0, 'delta_temp': 3, 'dew_offset': 3}
2025-12-18 18:32:49,359 - __main__ - INFO - Commande STATUS: succès
2025-12-18 18:33:39,297 - SerialWorker - INFO - Déconnexion
2025-12-18 18:33:39,303 - SerialWorker - INFO - Arrêt lecture
2025-12-18 18:33:39,410 - __main__ - INFO - Déconnecté
2025-12-18 18:33:43,163 - SerialWorker - INFO - Déconnexion
2025-12-18 18:33:43,163 - __main__ - INFO - Déconnecté
2025-12-18 18:33:46,782 - SerialWorker - INFO - SerialWorker corrigé initialisé
2025-12-18 18:33:46,967 - SerialWorker - INFO - Démarrage lecture
2025-12-18 18:33:46,968 - SerialWorker - INFO - Arrêt lecture
2025-12-18 18:33:57,973 - SerialWorker - INFO - Démarrage lecture
2025-12-18 18:33:57,974 - __main__ - INFO - Connecté à COM8. Attente démarrage...
2025-12-18 18:34:07,974 - SerialWorker - INFO - Envoi HELLO après démarrage
2025-12-18 18:34:08,075 - SerialWorker - INFO - Envoi HELLO: 30
2025-12-18 18:34:08,076 - __main__ - INFO - HELLO envoyé
2025-12-18 18:34:09,248 - SerialWorker - INFO - Reçu 2 octets: 3035...
2025-12-18 18:34:09,249 - SerialWorker - INFO - Buffer: 3035...
2025-12-18 18:34:09,249 - SerialWorker - INFO - HELLO: Première connexion
2025-12-18 18:34:09,250 - __main__ - INFO - Première connexion établie
2025-12-18 18:34:09,251 - __main__ - INFO - Commande HELLO: succès
2025-12-18 18:34:13,076 - SerialWorker - INFO - Envoi STATUS après démarrage
2025-12-18 18:34:13,177 - SerialWorker - INFO - Envoi STATUS: 38
2025-12-18 18:34:13,178 - __main__ - INFO - STATUS envoyé
2025-12-18 18:34:15,923 - SerialWorker - INFO - Reçu 8 octets: 5b32342e35342333...
2025-12-18 18:34:15,923 - SerialWorker - INFO - Buffer: 5b32342e35342333...
2025-12-18 18:34:15,924 - SerialWorker - INFO - Buffer ASCII: [24.54#3...
2025-12-18 18:34:15,924 - SerialWorker - INFO - Début '[' détecté
2025-12-18 18:34:15,934 - SerialWorker - INFO - Reçu 11 octets: 362e3934232d34362e3633...
2025-12-18 18:34:15,934 - SerialWorker - INFO - Buffer: 5b32342e35342333362e3934232d34362e3633...
2025-12-18 18:34:15,935 - SerialWorker - INFO - Buffer ASCII: [24.54#36.94#-46.63...
2025-12-18 18:34:15,946 - SerialWorker - INFO - Reçu 11 octets: 23382e3838233230342e30...
2025-12-18 18:34:15,946 - SerialWorker - INFO - Buffer: 5b32342e35342333362e3934232d34362e363323382e3838233230342e30...
2025-12-18 18:34:15,946 - SerialWorker - INFO - Buffer ASCII: [24.54#36.94#-46.63#8.88#204.0...
2025-12-18 18:34:15,957 - SerialWorker - INFO - Reçu 7 octets: 30233323335d35...
2025-12-18 18:34:15,958 - SerialWorker - INFO - Buffer: 5b32342e35342333362e3934232d34362e363323382e3838233230342e3030233323335d35...
2025-12-18 18:34:15,958 - SerialWorker - INFO - Buffer ASCII: [24.54#36.94#-46.63#8.88#204.00#3#3]5...
2025-12-18 18:34:15,958 - SerialWorker - INFO - Fin ']' détectée à la position 35
2025-12-18 18:34:15,959 - SerialWorker - INFO - ACK 0x35 détecté après ']'
2025-12-18 18:34:15,959 - SerialWorker - INFO - Données STATUS brutes: 24.54#36.94#-46.63#8.88#204.00#3#3
2025-12-18 18:34:15,959 - SerialWorker - INFO - STATUS parsé: {'temperature': 24.54, 'humidity': 36.94, 'tube_temperature': -46.63, 'dew_point': 8.88, 'pwm': 204.0, 'delta_temp': 3, 'dew_offset': 3}
2025-12-18 18:34:15,961 - __main__ - INFO - Commande STATUS: succès
2025-12-18 18:35:58,068 - SerialWorker - INFO - Envoi STATUS: 38
2025-12-18 18:35:58,069 - __main__ - INFO - STATUS envoyé
2025-12-18 18:35:59,403 - SerialWorker - INFO - Reçu 2 octets: 5b32...
2025-12-18 18:35:59,403 - SerialWorker - INFO - Buffer: 5b32...
2025-12-18 18:35:59,403 - SerialWorker - INFO - Buffer ASCII: [2...
2025-12-18 18:35:59,404 - SerialWorker - INFO - Début '[' détecté
2025-12-18 18:35:59,415 - SerialWorker - INFO - Reçu 11 octets: 342e36302333362e383123...
2025-12-18 18:35:59,415 - SerialWorker - INFO - Buffer: 5b32342e36302333362e383123...
2025-12-18 18:35:59,415 - SerialWorker - INFO - Buffer ASCII: [24.60#36.81#...
2025-12-18 18:35:59,426 - SerialWorker - INFO - Reçu 11 octets: 2d34362e393823382e3838...
2025-12-18 18:35:59,426 - SerialWorker - INFO - Buffer: 5b32342e36302333362e3831232d34362e393823382e3838...
2025-12-18 18:35:59,427 - SerialWorker - INFO - Buffer ASCII: [24.60#36.81#-46.98#8.88...
2025-12-18 18:35:59,437 - SerialWorker - INFO - Reçu 11 octets: 233230342e303023332333...
2025-12-18 18:35:59,437 - SerialWorker - INFO - Buffer: 5b32342e36302333362e3831232d34362e393823382e3838233230342e303023332333...
2025-12-18 18:35:59,438 - SerialWorker - INFO - Buffer ASCII: [24.60#36.81#-46.98#8.88#204.00#3#3...
2025-12-18 18:35:59,448 - SerialWorker - INFO - Reçu 2 octets: 5d35...
2025-12-18 18:35:59,449 - SerialWorker - INFO - Buffer: 5b32342e36302333362e3831232d34362e393823382e3838233230342e3030233323335d35...
2025-12-18 18:35:59,449 - SerialWorker - INFO - Buffer ASCII: [24.60#36.81#-46.98#8.88#204.00#3#3]5...
2025-12-18 18:35:59,449 - SerialWorker - INFO - Fin ']' détectée à la position 35
2025-12-18 18:35:59,449 - SerialWorker - INFO - ACK 0x35 détecté après ']'
2025-12-18 18:35:59,449 - SerialWorker - INFO - Données STATUS brutes: 24.60#36.81#-46.98#8.88#204.00#3#3
2025-12-18 18:35:59,450 - SerialWorker - INFO - STATUS parsé: {'temperature': 24.6, 'humidity': 36.81, 'tube_temperature': -46.98, 'dew_point': 8.88, 'pwm': 204.0, 'delta_temp': 3, 'dew_offset': 3}
2025-12-18 18:35:59,451 - __main__ - INFO - Commande STATUS: succès
2025-12-18 18:37:29,797 - SerialWorker - INFO - Déconnexion
2025-12-18 18:37:29,801 - SerialWorker - INFO - Arrêt lecture
2025-12-18 18:37:29,902 - __main__ - INFO - Déconnecté
2025-12-18 18:37:33,788 - SerialWorker - INFO - Déconnexion
2025-12-18 18:37:33,790 - __main__ - INFO - Déconnecté
2025-12-18 18:37:36,222 - SerialWorker - INFO - SerialWorker corrigé initialisé
2025-12-18 18:37:36,407 - SerialWorker - INFO - Démarrage lecture
2025-12-18 18:37:36,407 - SerialWorker - INFO - Arrêt lecture
2025-12-18 18:37:40,940 - SerialWorker - INFO - Démarrage lecture
2025-12-18 18:37:40,941 - __main__ - INFO - Connecté à COM8. Attente démarrage...
2025-12-18 18:37:50,941 - SerialWorker - INFO - Envoi HELLO après démarrage
2025-12-18 18:37:51,043 - SerialWorker - INFO - Envoi HELLO: 30
2025-12-18 18:37:51,043 - __main__ - INFO - HELLO envoyé
2025-12-18 18:37:52,216 - SerialWorker - INFO - Reçu 2 octets: 3035...
2025-12-18 18:37:52,217 - SerialWorker - INFO - Buffer: 3035...
2025-12-18 18:37:52,218 - SerialWorker - INFO - HELLO: Première connexion
2025-12-18 18:37:52,219 - __main__ - INFO - Première connexion établie
2025-12-18 18:37:52,219 - __main__ - INFO - Commande HELLO: succès
2025-12-18 18:37:56,044 - SerialWorker - INFO - Envoi STATUS après démarrage
2025-12-18 18:37:56,145 - SerialWorker - INFO - Envoi STATUS: 38
2025-12-18 18:37:56,145 - __main__ - INFO - STATUS envoyé
2025-12-18 18:37:58,888 - SerialWorker - INFO - Reçu 6 octets: 5b32342e3639...
2025-12-18 18:37:58,889 - SerialWorker - INFO - Buffer: 5b32342e3639...
2025-12-18 18:37:58,889 - SerialWorker - INFO - Buffer ASCII: [24.69...
2025-12-18 18:37:58,889 - SerialWorker - INFO - Début '[' détecté
2025-12-18 18:37:58,900 - SerialWorker - INFO - Reçu 11 octets: 2333362e3634232d34362e...
2025-12-18 18:37:58,900 - SerialWorker - INFO - Buffer: 5b32342e36392333362e3634232d34362e...
2025-12-18 18:37:58,901 - SerialWorker - INFO - Buffer ASCII: [24.69#36.64#-46....
2025-12-18 18:37:58,911 - SerialWorker - INFO - Reçu 11 octets: 363323382e383923323034...
2025-12-18 18:37:58,912 - SerialWorker - INFO - Buffer: 5b32342e36392333362e3634232d34362e363323382e383923323034...
2025-12-18 18:37:58,912 - SerialWorker - INFO - Buffer ASCII: [24.69#36.64#-46.63#8.89#204...
2025-12-18 18:37:58,923 - SerialWorker - INFO - Reçu 9 octets: 2e3030233323335d35...
2025-12-18 18:37:58,923 - SerialWorker - INFO - Buffer: 5b32342e36392333362e3634232d34362e363323382e3839233230342e3030233323335d35...
2025-12-18 18:37:58,924 - SerialWorker - INFO - Buffer ASCII: [24.69#36.64#-46.63#8.89#204.00#3#3]5...
2025-12-18 18:37:58,924 - SerialWorker - INFO - Fin ']' détectée à la position 35
2025-12-18 18:37:58,924 - SerialWorker - INFO - ACK 0x35 détecté après ']'
2025-12-18 18:37:58,924 - SerialWorker - INFO - Données STATUS brutes: 24.69#36.64#-46.63#8.89#204.00#3#3
2025-12-18 18:37:58,925 - __main__ - INFO - power value : 80
2025-12-18 18:37:58,925 - SerialWorker - INFO - STATUS parsé: {'temperature': 24.69, 'humidity': 36.64, 'tube_temperature': -46.63, 'dew_point': 8.89, 'pwm': 204.0, 'delta_temp': 3, 'dew_offset': 3}
2025-12-18 18:37:58,928 - __main__ - INFO - Commande STATUS: succès
2025-12-18 18:38:51,670 - SerialWorker - INFO - Envoi REGUL: 37
2025-12-18 18:38:51,671 - __main__ - INFO - REGUL envoyé
2025-12-18 18:38:52,299 - SerialWorker - INFO - Reçu 1 octets: 35...
2025-12-18 18:38:52,300 - SerialWorker - INFO - Buffer: 35...
2025-12-18 18:38:52,300 - SerialWorker - INFO - REGUL: ACK reçu
2025-12-18 18:38:52,301 - __main__ - INFO - Commande REGUL: succès
2025-12-18 18:38:56,814 - SerialWorker - INFO - Envoi STATUS: 38
2025-12-18 18:38:56,815 - __main__ - INFO - STATUS envoyé
2025-12-18 18:38:58,980 - SerialWorker - INFO - Reçu 9 octets: 5b32342e3731233336...
2025-12-18 18:38:58,980 - SerialWorker - INFO - Buffer: 5b32342e3731233336...
2025-12-18 18:38:58,980 - SerialWorker - INFO - Buffer ASCII: [24.71#36...
2025-12-18 18:38:58,981 - SerialWorker - INFO - Début '[' détecté
2025-12-18 18:38:58,992 - SerialWorker - INFO - Reçu 12 octets: 2e3537232d34362e31392338...
2025-12-18 18:38:58,992 - SerialWorker - INFO - Buffer: 5b32342e37312333362e3537232d34362e31392338...
2025-12-18 18:38:58,992 - SerialWorker - INFO - Buffer ASCII: [24.71#36.57#-46.19#8...
2025-12-18 18:38:59,003 - SerialWorker - INFO - Reçu 10 octets: 2e3838233235352e3030...
2025-12-18 18:38:59,003 - SerialWorker - INFO - Buffer: 5b32342e37312333362e3537232d34362e313923382e3838233235352e3030...
2025-12-18 18:38:59,003 - SerialWorker - INFO - Buffer ASCII: [24.71#36.57#-46.19#8.88#255.00...
2025-12-18 18:38:59,014 - SerialWorker - INFO - Reçu 6 octets: 233323335d35...
2025-12-18 18:38:59,014 - SerialWorker - INFO - Buffer: 5b32342e37312333362e3537232d34362e313923382e3838233235352e3030233323335d35...
2025-12-18 18:38:59,015 - SerialWorker - INFO - Buffer ASCII: [24.71#36.57#-46.19#8.88#255.00#3#3]5...
2025-12-18 18:38:59,015 - SerialWorker - INFO - Fin ']' détectée à la position 35
2025-12-18 18:38:59,015 - SerialWorker - INFO - ACK 0x35 détecté après ']'
2025-12-18 18:38:59,015 - SerialWorker - INFO - Données STATUS brutes: 24.71#36.57#-46.19#8.88#255.00#3#3
2025-12-18 18:38:59,015 - __main__ - INFO - power value : 100
2025-12-18 18:38:59,015 - SerialWorker - INFO - STATUS parsé: {'temperature': 24.71, 'humidity': 36.57, 'tube_temperature': -46.19, 'dew_point': 8.88, 'pwm': 255.0, 'delta_temp': 3, 'dew_offset': 3}
2025-12-18 18:38:59,026 - __main__ - INFO - Commande STATUS: succès
2025-12-18 18:39:17,629 - SerialWorker - INFO - Déconnexion
2025-12-18 18:39:17,639 - SerialWorker - INFO - Arrêt lecture
2025-12-18 18:39:17,737 - __main__ - INFO - Déconnecté
2025-12-18 18:40:52,536 - SerialWorker - INFO - Déconnexion
2025-12-18 18:40:52,537 - __main__ - INFO - Déconnecté
2025-12-18 18:41:49,691 - SerialWorker - INFO - SerialWorker corrigé initialisé
2025-12-18 18:41:49,873 - SerialWorker - INFO - Démarrage lecture
2025-12-18 18:41:49,874 - SerialWorker - INFO - Arrêt lecture
2025-12-18 18:41:56,773 - SerialWorker - INFO - Démarrage lecture
2025-12-18 18:41:56,773 - __main__ - INFO - Connecté à COM8. Attente démarrage...
2025-12-18 18:42:06,774 - SerialWorker - INFO - Envoi HELLO après démarrage
2025-12-18 18:42:06,874 - SerialWorker - INFO - Envoi HELLO: 30
2025-12-18 18:42:06,875 - __main__ - INFO - HELLO envoyé
2025-12-18 18:42:08,040 - SerialWorker - INFO - Reçu 2 octets: 3035...
2025-12-18 18:42:08,041 - SerialWorker - INFO - Buffer: 3035...
2025-12-18 18:42:08,042 - SerialWorker - INFO - HELLO: Première connexion
2025-12-18 18:42:08,043 - __main__ - INFO - Première connexion établie
2025-12-18 18:42:08,043 - __main__ - INFO - Commande HELLO: succès
2025-12-18 18:42:11,875 - SerialWorker - INFO - Envoi STATUS après démarrage
2025-12-18 18:42:11,976 - SerialWorker - INFO - Envoi STATUS: 38
2025-12-18 18:42:11,977 - __main__ - INFO - STATUS envoyé
2025-12-18 18:42:14,721 - SerialWorker - INFO - Reçu 16 octets: 5b32342e38342333362e3139232d3436...
2025-12-18 18:42:14,722 - SerialWorker - INFO - Buffer: 5b32342e38342333362e3139232d3436...
2025-12-18 18:42:14,723 - SerialWorker - INFO - Buffer ASCII: [24.84#36.19#-46...
2025-12-18 18:42:14,723 - SerialWorker - INFO - Début '[' détecté
2025-12-18 18:42:14,733 - SerialWorker - INFO - Reçu 21 octets: 2e333023382e3834233230342e3030233323335d35...
2025-12-18 18:42:14,734 - SerialWorker - INFO - Buffer: 5b32342e38342333362e3139232d34362e333023382e3834233230342e3030233323335d35...
2025-12-18 18:42:14,734 - SerialWorker - INFO - Buffer ASCII: [24.84#36.19#-46.30#8.84#204.00#3#3]5...
2025-12-18 18:42:14,735 - SerialWorker - INFO - Fin ']' détectée à la position 35
2025-12-18 18:42:14,735 - SerialWorker - INFO - ACK 0x35 détecté après ']'
2025-12-18 18:42:14,735 - SerialWorker - INFO - Données STATUS brutes: 24.84#36.19#-46.30#8.84#204.00#3#3
2025-12-18 18:42:14,735 - SerialWorker - INFO - STATUS parsé: {'temperature': 24.84, 'humidity': 36.19, 'tube_temperature': -46.3, 'dew_point': 8.84, 'pwm': 204.0, 'delta_temp': 3, 'dew_offset': 3}
2025-12-18 18:42:14,738 - __main__ - INFO - Commande STATUS: succès
2025-12-18 18:42:35,250 - SerialWorker - INFO - Envoi REGUL: 37
2025-12-18 18:42:35,251 - __main__ - INFO - REGUL envoyé
2025-12-18 18:42:38,092 - SerialWorker - INFO - Reçu 1 octets: 35...
2025-12-18 18:42:38,092 - SerialWorker - INFO - Buffer: 35...
2025-12-18 18:42:38,093 - SerialWorker - INFO - REGUL: ACK reçu
2025-12-18 18:42:38,094 - __main__ - INFO - Commande REGUL: succès
2025-12-18 18:42:38,609 - SerialWorker - INFO - Envoi STATUS: 38
2025-12-18 18:42:38,610 - __main__ - INFO - STATUS envoyé
2025-12-18 18:42:41,427 - SerialWorker - INFO - Reçu 6 octets: 5b32342e3836...
2025-12-18 18:42:41,427 - SerialWorker - INFO - Buffer: 5b32342e3836...
2025-12-18 18:42:41,428 - SerialWorker - INFO - Buffer ASCII: [24.86...
2025-12-18 18:42:41,428 - SerialWorker - INFO - Début '[' détecté
2025-12-18 18:42:41,438 - SerialWorker - INFO - Reçu 22 octets: 2333362e3135232d34362e333023382e383423323535...
2025-12-18 18:42:41,438 - SerialWorker - INFO - Buffer: 5b32342e38362333362e3135232d34362e333023382e383423323535...
2025-12-18 18:42:41,439 - SerialWorker - INFO - Buffer ASCII: [24.86#36.15#-46.30#8.84#255...
2025-12-18 18:42:41,449 - SerialWorker - INFO - Reçu 9 octets: 2e3030233323335d35...
2025-12-18 18:42:41,450 - SerialWorker - INFO - Buffer: 5b32342e38362333362e3135232d34362e333023382e3834233235352e3030233323335d35...
2025-12-18 18:42:41,450 - SerialWorker - INFO - Buffer ASCII: [24.86#36.15#-46.30#8.84#255.00#3#3]5...
2025-12-18 18:42:41,450 - SerialWorker - INFO - Fin ']' détectée à la position 35
2025-12-18 18:42:41,451 - SerialWorker - INFO - ACK 0x35 détecté après ']'
2025-12-18 18:42:41,451 - SerialWorker - INFO - Données STATUS brutes: 24.86#36.15#-46.30#8.84#255.00#3#3
2025-12-18 18:42:41,451 - SerialWorker - INFO - STATUS parsé: {'temperature': 24.86, 'humidity': 36.15, 'tube_temperature': -46.3, 'dew_point': 8.84, 'pwm': 255.0, 'delta_temp': 3, 'dew_offset': 3}
2025-12-18 18:42:41,463 - __main__ - INFO - Commande STATUS: succès
2025-12-18 18:42:45,041 - SerialWorker - INFO - Envoi SAVE: 39
2025-12-18 18:42:45,042 - __main__ - INFO - SAVE envoyé
2025-12-18 18:42:48,117 - SerialWorker - INFO - Reçu 1 octets: 35...
2025-12-18 18:42:48,118 - SerialWorker - INFO - Buffer: 35...
2025-12-18 18:42:48,118 - SerialWorker - INFO - SAVE: ACK reçu
2025-12-18 18:42:48,119 - __main__ - INFO - Commande SAVE: succès
2025-12-18 18:42:50,917 - SerialWorker - INFO - Déconnexion
2025-12-18 18:42:50,921 - SerialWorker - INFO - Arrêt lecture
2025-12-18 18:42:51,020 - __main__ - INFO - Déconnecté
2025-12-18 18:42:53,276 - SerialWorker - INFO - Démarrage lecture
2025-12-18 18:42:53,277 - __main__ - INFO - Connecté à COM8. Attente démarrage...
2025-12-18 18:43:03,277 - SerialWorker - INFO - Envoi HELLO après démarrage
2025-12-18 18:43:03,377 - SerialWorker - INFO - Envoi HELLO: 30
2025-12-18 18:43:03,378 - __main__ - INFO - HELLO envoyé
2025-12-18 18:43:04,548 - SerialWorker - INFO - Reçu 2 octets: 3035...
2025-12-18 18:43:04,548 - SerialWorker - INFO - Buffer: 3035...
2025-12-18 18:43:04,549 - SerialWorker - INFO - HELLO: Première connexion
2025-12-18 18:43:04,550 - __main__ - INFO - Première connexion établie
2025-12-18 18:43:04,550 - __main__ - INFO - Commande HELLO: succès
2025-12-18 18:43:08,378 - SerialWorker - INFO - Envoi STATUS après démarrage
2025-12-18 18:43:08,479 - SerialWorker - INFO - Envoi STATUS: 38
2025-12-18 18:43:08,480 - __main__ - INFO - STATUS envoyé
2025-12-18 18:43:11,220 - SerialWorker - INFO - Reçu 7 octets: 5b32342e383923...
2025-12-18 18:43:11,221 - SerialWorker - INFO - Buffer: 5b32342e383923...
2025-12-18 18:43:11,221 - SerialWorker - INFO - Buffer ASCII: [24.89#...
2025-12-18 18:43:11,221 - SerialWorker - INFO - Début '[' détecté
2025-12-18 18:43:11,232 - SerialWorker - INFO - Reçu 22 octets: 33362e3036232d34362e333023382e3833233235352e...
2025-12-18 18:43:11,232 - SerialWorker - INFO - Buffer: 5b32342e38392333362e3036232d34362e333023382e3833233235352e...
2025-12-18 18:43:11,233 - SerialWorker - INFO - Buffer ASCII: [24.89#36.06#-46.30#8.83#255....
2025-12-18 18:43:11,244 - SerialWorker - INFO - Reçu 8 octets: 3030233323335d35...
2025-12-18 18:43:11,244 - SerialWorker - INFO - Buffer: 5b32342e38392333362e3036232d34362e333023382e3833233235352e3030233323335d35...
2025-12-18 18:43:11,245 - SerialWorker - INFO - Buffer ASCII: [24.89#36.06#-46.30#8.83#255.00#3#3]5...
2025-12-18 18:43:11,245 - SerialWorker - INFO - Fin ']' détectée à la position 35
2025-12-18 18:43:11,245 - SerialWorker - INFO - ACK 0x35 détecté après ']'
2025-12-18 18:43:11,245 - SerialWorker - INFO - Données STATUS brutes: 24.89#36.06#-46.30#8.83#255.00#3#3
2025-12-18 18:43:11,245 - SerialWorker - INFO - STATUS parsé: {'temperature': 24.89, 'humidity': 36.06, 'tube_temperature': -46.3, 'dew_point': 8.83, 'pwm': 255.0, 'delta_temp': 3, 'dew_offset': 3}
2025-12-18 18:43:11,255 - __main__ - INFO - Commande STATUS: succès
2025-12-18 18:43:23,757 - SerialWorker - INFO - Déconnexion
2025-12-18 18:43:23,767 - SerialWorker - INFO - Arrêt lecture
2025-12-18 18:43:23,858 - __main__ - INFO - Déconnecté
2025-12-18 18:43:28,422 - SerialWorker - INFO - Déconnexion
2025-12-18 18:43:28,423 - __main__ - INFO - Déconnecté
