2025-12-19 15:03:03,230 - SerialWorker - INFO - SerialWorker corrigé initialisé
2025-12-19 15:03:03,767 - SerialWorker - INFO - Démarrage lecture
2025-12-19 15:03:03,768 - SerialWorker - INFO - Arrêt lecture
2025-12-19 15:03:27,423 - SerialWorker - INFO - Démarrage lecture
2025-12-19 15:03:27,423 - __main__ - INFO - Connecté à COM8. Attente démarrage...
2025-12-19 15:03:37,424 - SerialWorker - INFO - Envoi HELLO après démarrage
2025-12-19 15:03:37,525 - SerialWorker - INFO - Envoi HELLO: 30
2025-12-19 15:03:37,526 - __main__ - INFO - HELLO envoyé
2025-12-19 15:03:38,694 - SerialWorker - INFO - Reçu 2 octets: 3035...
2025-12-19 15:03:38,696 - SerialWorker - INFO - Buffer: 3035...
2025-12-19 15:03:38,697 - SerialWorker - INFO - HELLO: Première connexion
2025-12-19 15:03:38,698 - __main__ - INFO - Première connexion établie
2025-12-19 15:03:38,698 - __main__ - INFO - Commande HELLO: succès
2025-12-19 15:03:42,526 - SerialWorker - INFO - Envoi STATUS après démarrage
2025-12-19 15:03:42,627 - SerialWorker - INFO - Envoi STATUS: 38
2025-12-19 15:03:42,630 - __main__ - INFO - STATUS envoyé
2025-12-19 15:03:45,369 - SerialWorker - INFO - Reçu 11 octets: 5b32332e34342334352e34...
2025-12-19 15:03:45,370 - SerialWorker - INFO - Buffer: 5b32332e34342334352e34...
2025-12-19 15:03:45,370 - SerialWorker - INFO - Buffer ASCII: [23.44#45.4...
2025-12-19 15:03:45,371 - SerialWorker - INFO - Début '[' détecté
2025-12-19 15:03:45,382 - SerialWorker - INFO - Reçu 24 octets: 35232d34362e36332331302e3938233132372e3030233123...
2025-12-19 15:03:45,382 - SerialWorker - INFO - Buffer: 5b32332e34342334352e3435232d34362e36332331302e3938233132372e3030233123...
2025-12-19 15:03:45,383 - SerialWorker - INFO - Buffer ASCII: [23.44#45.45#-46.63#10.98#127.00#1#...
2025-12-19 15:03:45,394 - SerialWorker - INFO - Reçu 3 octets: 335d35...
2025-12-19 15:03:45,394 - SerialWorker - INFO - Buffer: 5b32332e34342334352e3435232d34362e36332331302e3938233132372e3030233123335d35...
2025-12-19 15:03:45,395 - SerialWorker - INFO - Buffer ASCII: [23.44#45.45#-46.63#10.98#127.00#1#3]5...
2025-12-19 15:03:45,395 - SerialWorker - INFO - Fin ']' détectée à la position 36
2025-12-19 15:03:45,395 - SerialWorker - INFO - ACK 0x35 détecté après ']'
2025-12-19 15:03:45,396 - SerialWorker - INFO - Données STATUS brutes: 23.44#45.45#-46.63#10.98#127.00#1#3
2025-12-19 15:03:45,396 - SerialWorker - INFO - STATUS parsé: {'temperature': 23.44, 'humidity': 45.45, 'tube_temperature': -46.63, 'dew_point': 10.98, 'pwm': 127.0, 'delta_temp': 1, 'dew_offset': 3}
2025-12-19 15:03:45,400 - __main__ - INFO - Commande STATUS: succès
2025-12-19 15:03:57,523 - SerialWorker - INFO - Envoi STATUS: 38
2025-12-19 15:03:57,524 - __main__ - INFO - STATUS envoyé
2025-12-19 15:03:58,720 - SerialWorker - INFO - Reçu 4 octets: 5b32332e...
2025-12-19 15:03:58,721 - SerialWorker - INFO - Buffer: 5b32332e...
2025-12-19 15:03:58,721 - SerialWorker - INFO - Buffer ASCII: [23....
2025-12-19 15:03:58,722 - SerialWorker - INFO - Début '[' détecté
2025-12-19 15:03:58,733 - SerialWorker - INFO - Reçu 25 octets: 34332334352e3535232d34362e38362331312e303123313237...
2025-12-19 15:03:58,734 - SerialWorker - INFO - Buffer: 5b32332e34332334352e3535232d34362e38362331312e303123313237...
2025-12-19 15:03:58,735 - SerialWorker - INFO - Buffer ASCII: [23.43#45.55#-46.86#11.01#127...
2025-12-19 15:03:58,745 - SerialWorker - INFO - Reçu 9 octets: 2e3030233123335d35...
2025-12-19 15:03:58,746 - SerialWorker - INFO - Buffer: 5b32332e34332334352e3535232d34362e38362331312e3031233132372e3030233123335d35...
2025-12-19 15:03:58,747 - SerialWorker - INFO - Buffer ASCII: [23.43#45.55#-46.86#11.01#127.00#1#3]5...
2025-12-19 15:03:58,747 - SerialWorker - INFO - Fin ']' détectée à la position 36
2025-12-19 15:03:58,747 - SerialWorker - INFO - ACK 0x35 détecté après ']'
2025-12-19 15:03:58,748 - SerialWorker - INFO - Données STATUS brutes: 23.43#45.55#-46.86#11.01#127.00#1#3
2025-12-19 15:03:58,748 - SerialWorker - INFO - STATUS parsé: {'temperature': 23.43, 'humidity': 45.55, 'tube_temperature': -46.86, 'dew_point': 11.01, 'pwm': 127.0, 'delta_temp': 1, 'dew_offset': 3}
2025-12-19 15:03:58,767 - __main__ - INFO - Commande STATUS: succès
2025-12-19 15:04:27,532 - SerialWorker - INFO - Envoi STATUS: 38
2025-12-19 15:04:27,533 - __main__ - INFO - STATUS envoyé
2025-12-19 15:04:28,774 - SerialWorker - INFO - Reçu 18 octets: 5b32332e34342334352e3736232d34362e36...
2025-12-19 15:04:28,774 - SerialWorker - INFO - Buffer: 5b32332e34342334352e3736232d34362e36...
2025-12-19 15:04:28,775 - SerialWorker - INFO - Buffer ASCII: [23.44#45.76#-46.6...
2025-12-19 15:04:28,775 - SerialWorker - INFO - Début '[' détecté
2025-12-19 15:04:28,786 - SerialWorker - INFO - Reçu 20 octets: 332331312e3039233132372e3030233123335d35...
2025-12-19 15:04:28,786 - SerialWorker - INFO - Buffer: 5b32332e34342334352e3736232d34362e36332331312e3039233132372e3030233123335d35...
2025-12-19 15:04:28,787 - SerialWorker - INFO - Buffer ASCII: [23.44#45.76#-46.63#11.09#127.00#1#3]5...
2025-12-19 15:04:28,787 - SerialWorker - INFO - Fin ']' détectée à la position 36
2025-12-19 15:04:28,788 - SerialWorker - INFO - ACK 0x35 détecté après ']'
2025-12-19 15:04:28,788 - SerialWorker - INFO - Données STATUS brutes: 23.44#45.76#-46.63#11.09#127.00#1#3
2025-12-19 15:04:28,789 - SerialWorker - INFO - STATUS parsé: {'temperature': 23.44, 'humidity': 45.76, 'tube_temperature': -46.63, 'dew_point': 11.09, 'pwm': 127.0, 'delta_temp': 1, 'dew_offset': 3}
2025-12-19 15:04:28,799 - __main__ - INFO - Commande STATUS: succès
2025-12-19 15:04:57,540 - SerialWorker - INFO - Envoi STATUS: 38
2025-12-19 15:04:57,541 - __main__ - INFO - STATUS envoyé
2025-12-19 15:04:58,820 - SerialWorker - INFO - Reçu 18 octets: 5b32332e34332334352e3537232d34362e33...
2025-12-19 15:04:58,821 - SerialWorker - INFO - Buffer: 5b32332e34332334352e3537232d34362e33...
2025-12-19 15:04:58,822 - SerialWorker - INFO - Buffer ASCII: [23.43#45.57#-46.3...
2025-12-19 15:04:58,824 - SerialWorker - INFO - Début '[' détecté
2025-12-19 15:04:58,835 - SerialWorker - INFO - Reçu 20 octets: 302331312e3031233132372e3030233123335d35...
2025-12-19 15:04:58,835 - SerialWorker - INFO - Buffer: 5b32332e34332334352e3537232d34362e33302331312e3031233132372e3030233123335d35...
2025-12-19 15:04:58,837 - SerialWorker - INFO - Buffer ASCII: [23.43#45.57#-46.30#11.01#127.00#1#3]5...
2025-12-19 15:04:58,838 - SerialWorker - INFO - Fin ']' détectée à la position 36
2025-12-19 15:04:58,838 - SerialWorker - INFO - ACK 0x35 détecté après ']'
2025-12-19 15:04:58,838 - SerialWorker - INFO - Données STATUS brutes: 23.43#45.57#-46.30#11.01#127.00#1#3
2025-12-19 15:04:58,838 - SerialWorker - INFO - STATUS parsé: {'temperature': 23.43, 'humidity': 45.57, 'tube_temperature': -46.3, 'dew_point': 11.01, 'pwm': 127.0, 'delta_temp': 1, 'dew_offset': 3}
2025-12-19 15:04:58,857 - __main__ - INFO - Commande STATUS: succès
2025-12-19 15:05:27,546 - SerialWorker - INFO - Envoi STATUS: 38
2025-12-19 15:05:27,546 - __main__ - INFO - STATUS envoyé
2025-12-19 15:05:28,866 - SerialWorker - INFO - Reçu 16 octets: 5b32332e34332334352e3636232d3436...
2025-12-19 15:05:28,866 - SerialWorker - INFO - Buffer: 5b32332e34332334352e3636232d3436...
2025-12-19 15:05:28,867 - SerialWorker - INFO - Buffer ASCII: [23.43#45.66#-46...
2025-12-19 15:05:28,867 - SerialWorker - INFO - Début '[' détecté
2025-12-19 15:05:28,878 - SerialWorker - INFO - Reçu 22 octets: 2e36332331312e3034233132372e3030233123335d35...
2025-12-19 15:05:28,879 - SerialWorker - INFO - Buffer: 5b32332e34332334352e3636232d34362e36332331312e3034233132372e3030233123335d35...
2025-12-19 15:05:28,880 - SerialWorker - INFO - Buffer ASCII: [23.43#45.66#-46.63#11.04#127.00#1#3]5...
2025-12-19 15:05:28,880 - SerialWorker - INFO - Fin ']' détectée à la position 36
2025-12-19 15:05:28,880 - SerialWorker - INFO - ACK 0x35 détecté après ']'
2025-12-19 15:05:28,880 - SerialWorker - INFO - Données STATUS brutes: 23.43#45.66#-46.63#11.04#127.00#1#3
2025-12-19 15:05:28,881 - SerialWorker - INFO - STATUS parsé: {'temperature': 23.43, 'humidity': 45.66, 'tube_temperature': -46.63, 'dew_point': 11.04, 'pwm': 127.0, 'delta_temp': 1, 'dew_offset': 3}
2025-12-19 15:05:28,900 - __main__ - INFO - Commande STATUS: succès
2025-12-19 15:05:57,548 - SerialWorker - INFO - Envoi STATUS: 38
2025-12-19 15:05:57,548 - __main__ - INFO - STATUS envoyé
2025-12-19 15:05:58,908 - SerialWorker - INFO - Reçu 8 octets: 5b32332e34352334...
2025-12-19 15:05:58,908 - SerialWorker - INFO - Buffer: 5b32332e34352334...
2025-12-19 15:05:58,909 - SerialWorker - INFO - Buffer ASCII: [23.45#4...
2025-12-19 15:05:58,909 - SerialWorker - INFO - Début '[' détecté
2025-12-19 15:05:58,920 - SerialWorker - INFO - Reçu 23 octets: 352e3532232d34362e31392331312e3032233132372e30...
2025-12-19 15:05:58,921 - SerialWorker - INFO - Buffer: 5b32332e34352334352e3532232d34362e31392331312e3032233132372e30...
2025-12-19 15:05:58,922 - SerialWorker - INFO - Buffer ASCII: [23.45#45.52#-46.19#11.02#127.0...
2025-12-19 15:05:58,932 - SerialWorker - INFO - Reçu 7 octets: 30233123335d35...
2025-12-19 15:05:58,933 - SerialWorker - INFO - Buffer: 5b32332e34352334352e3532232d34362e31392331312e3032233132372e3030233123335d35...
2025-12-19 15:05:58,934 - SerialWorker - INFO - Buffer ASCII: [23.45#45.52#-46.19#11.02#127.00#1#3]5...
2025-12-19 15:05:58,934 - SerialWorker - INFO - Fin ']' détectée à la position 36
2025-12-19 15:05:58,934 - SerialWorker - INFO - ACK 0x35 détecté après ']'
2025-12-19 15:05:58,934 - SerialWorker - INFO - Données STATUS brutes: 23.45#45.52#-46.19#11.02#127.00#1#3
2025-12-19 15:05:58,935 - SerialWorker - INFO - STATUS parsé: {'temperature': 23.45, 'humidity': 45.52, 'tube_temperature': -46.19, 'dew_point': 11.02, 'pwm': 127.0, 'delta_temp': 1, 'dew_offset': 3}
2025-12-19 15:05:58,964 - __main__ - INFO - Commande STATUS: succès
2025-12-19 15:06:27,626 - SerialWorker - INFO - Envoi STATUS: 38
2025-12-19 15:06:27,627 - __main__ - INFO - STATUS envoyé
2025-12-19 15:06:28,958 - SerialWorker - INFO - Reçu 16 octets: 5b32332e34342334352e3638232d3436...
2025-12-19 15:06:28,959 - SerialWorker - INFO - Buffer: 5b32332e34342334352e3638232d3436...
2025-12-19 15:06:28,959 - SerialWorker - INFO - Buffer ASCII: [23.44#45.68#-46...
2025-12-19 15:06:28,960 - SerialWorker - INFO - Début '[' détecté
2025-12-19 15:06:28,971 - SerialWorker - INFO - Reçu 22 octets: 2e39382331312e3036233132372e3030233123335d35...
2025-12-19 15:06:28,971 - SerialWorker - INFO - Buffer: 5b32332e34342334352e3638232d34362e39382331312e3036233132372e3030233123335d35...
2025-12-19 15:06:28,972 - SerialWorker - INFO - Buffer ASCII: [23.44#45.68#-46.98#11.06#127.00#1#3]5...
2025-12-19 15:06:28,972 - SerialWorker - INFO - Fin ']' détectée à la position 36
2025-12-19 15:06:28,972 - SerialWorker - INFO - ACK 0x35 détecté après ']'
2025-12-19 15:06:28,973 - SerialWorker - INFO - Données STATUS brutes: 23.44#45.68#-46.98#11.06#127.00#1#3
2025-12-19 15:06:28,973 - SerialWorker - INFO - STATUS parsé: {'temperature': 23.44, 'humidity': 45.68, 'tube_temperature': -46.98, 'dew_point': 11.06, 'pwm': 127.0, 'delta_temp': 1, 'dew_offset': 3}
2025-12-19 15:06:29,006 - __main__ - INFO - Commande STATUS: succès
2025-12-19 15:06:57,555 - SerialWorker - INFO - Envoi STATUS: 38
2025-12-19 15:06:57,555 - __main__ - INFO - STATUS envoyé
2025-12-19 15:06:59,005 - SerialWorker - INFO - Reçu 17 octets: 5b32332e34342334352e3632232d34372e...
2025-12-19 15:06:59,005 - SerialWorker - INFO - Buffer: 5b32332e34342334352e3632232d34372e...
2025-12-19 15:06:59,006 - SerialWorker - INFO - Buffer ASCII: [23.44#45.62#-47....
2025-12-19 15:06:59,006 - SerialWorker - INFO - Début '[' détecté
2025-12-19 15:06:59,017 - SerialWorker - INFO - Reçu 21 octets: 33332331312e3034233132372e3030233123335d35...
2025-12-19 15:06:59,018 - SerialWorker - INFO - Buffer: 5b32332e34342334352e3632232d34372e33332331312e3034233132372e3030233123335d35...
2025-12-19 15:06:59,018 - SerialWorker - INFO - Buffer ASCII: [23.44#45.62#-47.33#11.04#127.00#1#3]5...
2025-12-19 15:06:59,018 - SerialWorker - INFO - Fin ']' détectée à la position 36
2025-12-19 15:06:59,019 - SerialWorker - INFO - ACK 0x35 détecté après ']'
2025-12-19 15:06:59,019 - SerialWorker - INFO - Données STATUS brutes: 23.44#45.62#-47.33#11.04#127.00#1#3
2025-12-19 15:06:59,019 - SerialWorker - INFO - STATUS parsé: {'temperature': 23.44, 'humidity': 45.62, 'tube_temperature': -47.33, 'dew_point': 11.04, 'pwm': 127.0, 'delta_temp': 1, 'dew_offset': 3}
2025-12-19 15:06:59,055 - __main__ - INFO - Commande STATUS: succès
2025-12-19 15:07:11,531 - SerialWorker - INFO - Déconnexion
2025-12-19 15:07:11,539 - SerialWorker - INFO - Arrêt lecture
2025-12-19 15:07:11,639 - __main__ - INFO - Déconnecté
2025-12-19 15:07:59,487 - SerialWorker - INFO - SerialWorker corrigé initialisé
2025-12-19 15:07:59,672 - SerialWorker - INFO - Démarrage lecture
2025-12-19 15:07:59,672 - SerialWorker - INFO - Arrêt lecture
2025-12-19 15:08:04,207 - SerialWorker - INFO - Démarrage lecture
2025-12-19 15:08:04,207 - __main__ - INFO - Connecté à COM4. Attente démarrage...
2025-12-19 15:08:11,516 - SerialWorker - INFO - Déconnexion
2025-12-19 15:08:11,517 - __main__ - INFO - Déconnecté
2025-12-19 15:08:11,518 - SerialWorker - INFO - Arrêt lecture
2025-12-19 15:08:14,323 - SerialWorker - INFO - Démarrage lecture
2025-12-19 15:08:14,324 - __main__ - INFO - Connecté à COM8. Attente démarrage...
2025-12-19 15:08:24,324 - SerialWorker - INFO - Envoi HELLO après démarrage
2025-12-19 15:08:24,425 - SerialWorker - INFO - Envoi HELLO: 30
2025-12-19 15:08:24,426 - __main__ - INFO - HELLO envoyé
2025-12-19 15:08:25,591 - SerialWorker - INFO - Reçu 2 octets: 3035...
2025-12-19 15:08:25,592 - SerialWorker - INFO - Buffer: 3035...
2025-12-19 15:08:25,593 - SerialWorker - INFO - HELLO: Première connexion
2025-12-19 15:08:25,593 - __main__ - INFO - Première connexion établie
2025-12-19 15:08:25,594 - __main__ - INFO - Commande HELLO: succès
2025-12-19 15:08:29,426 - SerialWorker - INFO - Envoi STATUS après démarrage
2025-12-19 15:08:29,527 - SerialWorker - INFO - Envoi STATUS: 38
2025-12-19 15:08:29,528 - __main__ - INFO - STATUS envoyé
2025-12-19 15:08:32,274 - SerialWorker - INFO - Reçu 18 octets: 5b32332e34322334352e3639232d34362e35...
2025-12-19 15:08:32,275 - SerialWorker - INFO - Buffer: 5b32332e34322334352e3639232d34362e35...
2025-12-19 15:08:32,275 - SerialWorker - INFO - Buffer ASCII: [23.42#45.69#-46.5...
2025-12-19 15:08:32,275 - SerialWorker - INFO - Début '[' détecté
2025-12-19 15:08:32,286 - SerialWorker - INFO - Reçu 20 octets: 322331312e3034233132372e3030233123335d35...
2025-12-19 15:08:32,286 - SerialWorker - INFO - Buffer: 5b32332e34322334352e3639232d34362e35322331312e3034233132372e3030233123335d35...
2025-12-19 15:08:32,286 - SerialWorker - INFO - Buffer ASCII: [23.42#45.69#-46.52#11.04#127.00#1#3]5...
2025-12-19 15:08:32,287 - SerialWorker - INFO - Fin ']' détectée à la position 36
2025-12-19 15:08:32,288 - SerialWorker - INFO - ACK 0x35 détecté après ']'
2025-12-19 15:08:32,288 - SerialWorker - INFO - Données STATUS brutes: 23.42#45.69#-46.52#11.04#127.00#1#3
2025-12-19 15:08:32,288 - SerialWorker - INFO - STATUS parsé: {'temperature': 23.42, 'humidity': 45.69, 'tube_temperature': -46.52, 'dew_point': 11.04, 'pwm': 127.0, 'delta_temp': 1, 'dew_offset': 3}
2025-12-19 15:08:32,293 - __main__ - INFO - Commande STATUS: succès
2025-12-19 15:08:44,411 - SerialWorker - INFO - Envoi STATUS: 38
2025-12-19 15:08:44,411 - __main__ - INFO - STATUS envoyé
2025-12-19 15:08:45,620 - SerialWorker - INFO - Reçu 3 octets: 5b3233...
2025-12-19 15:08:45,620 - SerialWorker - INFO - Buffer: 5b3233...
2025-12-19 15:08:45,621 - SerialWorker - INFO - Buffer ASCII: [23...
2025-12-19 15:08:45,621 - SerialWorker - INFO - Début '[' détecté
2025-12-19 15:08:45,631 - SerialWorker - INFO - Reçu 22 octets: 2e34312334352e3932232d34352e39372331312e3131...
2025-12-19 15:08:45,632 - SerialWorker - INFO - Buffer: 5b32332e34312334352e3932232d34352e39372331312e3131...
2025-12-19 15:08:45,632 - SerialWorker - INFO - Buffer ASCII: [23.41#45.92#-45.97#11.11...
2025-12-19 15:08:45,643 - SerialWorker - INFO - Reçu 13 octets: 233132372e3030233123335d35...
2025-12-19 15:08:45,644 - SerialWorker - INFO - Buffer: 5b32332e34312334352e3932232d34352e39372331312e3131233132372e3030233123335d35...
2025-12-19 15:08:45,644 - SerialWorker - INFO - Buffer ASCII: [23.41#45.92#-45.97#11.11#127.00#1#3]5...
2025-12-19 15:08:45,644 - SerialWorker - INFO - Fin ']' détectée à la position 36
2025-12-19 15:08:45,645 - SerialWorker - INFO - ACK 0x35 détecté après ']'
2025-12-19 15:08:45,645 - SerialWorker - INFO - Données STATUS brutes: 23.41#45.92#-45.97#11.11#127.00#1#3
2025-12-19 15:08:45,645 - SerialWorker - INFO - STATUS parsé: {'temperature': 23.41, 'humidity': 45.92, 'tube_temperature': -45.97, 'dew_point': 11.11, 'pwm': 127.0, 'delta_temp': 1, 'dew_offset': 3}
2025-12-19 15:08:45,655 - __main__ - INFO - Commande STATUS: succès
2025-12-19 15:09:14,420 - SerialWorker - INFO - Envoi STATUS: 38
2025-12-19 15:09:14,421 - __main__ - INFO - STATUS envoyé
2025-12-19 15:09:15,665 - SerialWorker - INFO - Reçu 1 octets: 5b...
2025-12-19 15:09:15,666 - SerialWorker - INFO - Buffer: 5b...
2025-12-19 15:09:15,666 - SerialWorker - INFO - Buffer ASCII: [...
2025-12-19 15:09:15,666 - SerialWorker - INFO - Début '[' détecté
2025-12-19 15:09:15,677 - SerialWorker - INFO - Reçu 23 octets: 32332e33392334352e3738232d34362e34312331312e30...
2025-12-19 15:09:15,677 - SerialWorker - INFO - Buffer: 5b32332e33392334352e3738232d34362e34312331312e30...
2025-12-19 15:09:15,677 - SerialWorker - INFO - Buffer ASCII: [23.39#45.78#-46.41#11.0...
2025-12-19 15:09:15,689 - SerialWorker - INFO - Reçu 14 octets: 35233132372e3030233123335d35...
2025-12-19 15:09:15,689 - SerialWorker - INFO - Buffer: 5b32332e33392334352e3738232d34362e34312331312e3035233132372e3030233123335d35...
2025-12-19 15:09:15,690 - SerialWorker - INFO - Buffer ASCII: [23.39#45.78#-46.41#11.05#127.00#1#3]5...
2025-12-19 15:09:15,690 - SerialWorker - INFO - Fin ']' détectée à la position 36
2025-12-19 15:09:15,691 - SerialWorker - INFO - ACK 0x35 détecté après ']'
2025-12-19 15:09:15,691 - SerialWorker - INFO - Données STATUS brutes: 23.39#45.78#-46.41#11.05#127.00#1#3
2025-12-19 15:09:15,691 - SerialWorker - INFO - STATUS parsé: {'temperature': 23.39, 'humidity': 45.78, 'tube_temperature': -46.41, 'dew_point': 11.05, 'pwm': 127.0, 'delta_temp': 1, 'dew_offset': 3}
2025-12-19 15:09:15,716 - __main__ - INFO - Commande STATUS: succès
2025-12-19 15:09:44,418 - SerialWorker - INFO - Envoi STATUS: 38
2025-12-19 15:09:44,419 - __main__ - INFO - STATUS envoyé
2025-12-19 15:09:45,713 - SerialWorker - INFO - Reçu 5 octets: 5b32332e33...
2025-12-19 15:09:45,713 - SerialWorker - INFO - Buffer: 5b32332e33...
2025-12-19 15:09:45,713 - SerialWorker - INFO - Buffer ASCII: [23.3...
2025-12-19 15:09:45,714 - SerialWorker - INFO - Début '[' détecté
2025-12-19 15:09:45,724 - SerialWorker - INFO - Reçu 22 octets: 372334362e3137232d34362e35322331312e31362331...
2025-12-19 15:09:45,724 - SerialWorker - INFO - Buffer: 5b32332e33372334362e3137232d34362e35322331312e31362331...
2025-12-19 15:09:45,725 - SerialWorker - INFO - Buffer ASCII: [23.37#46.17#-46.52#11.16#1...
2025-12-19 15:09:45,736 - SerialWorker - INFO - Reçu 11 octets: 32372e3030233123335d35...
2025-12-19 15:09:45,736 - SerialWorker - INFO - Buffer: 5b32332e33372334362e3137232d34362e35322331312e3136233132372e3030233123335d35...
2025-12-19 15:09:45,737 - SerialWorker - INFO - Buffer ASCII: [23.37#46.17#-46.52#11.16#127.00#1#3]5...
2025-12-19 15:09:45,737 - SerialWorker - INFO - Fin ']' détectée à la position 36
2025-12-19 15:09:45,737 - SerialWorker - INFO - ACK 0x35 détecté après ']'
2025-12-19 15:09:45,737 - SerialWorker - INFO - Données STATUS brutes: 23.37#46.17#-46.52#11.16#127.00#1#3
2025-12-19 15:09:45,738 - SerialWorker - INFO - STATUS parsé: {'temperature': 23.37, 'humidity': 46.17, 'tube_temperature': -46.52, 'dew_point': 11.16, 'pwm': 127.0, 'delta_temp': 1, 'dew_offset': 3}
2025-12-19 15:09:45,754 - __main__ - INFO - Commande STATUS: succès
2025-12-19 15:10:14,416 - SerialWorker - INFO - Envoi STATUS: 38
2025-12-19 15:10:14,416 - __main__ - INFO - STATUS envoyé
2025-12-19 15:10:15,757 - SerialWorker - INFO - Reçu 1 octets: 5b...
2025-12-19 15:10:15,757 - SerialWorker - INFO - Buffer: 5b...
2025-12-19 15:10:15,758 - SerialWorker - INFO - Buffer ASCII: [...
2025-12-19 15:10:15,758 - SerialWorker - INFO - Début '[' détecté
2025-12-19 15:10:15,768 - SerialWorker - INFO - Reçu 23 octets: 32332e33382334362e3136232d34362e37352331312e31...
2025-12-19 15:10:15,769 - SerialWorker - INFO - Buffer: 5b32332e33382334362e3136232d34362e37352331312e31...
2025-12-19 15:10:15,769 - SerialWorker - INFO - Buffer ASCII: [23.38#46.16#-46.75#11.1...
2025-12-19 15:10:15,779 - SerialWorker - INFO - Reçu 14 octets: 36233132372e3030233123335d35...
2025-12-19 15:10:15,780 - SerialWorker - INFO - Buffer: 5b32332e33382334362e3136232d34362e37352331312e3136233132372e3030233123335d35...
2025-12-19 15:10:15,780 - SerialWorker - INFO - Buffer ASCII: [23.38#46.16#-46.75#11.16#127.00#1#3]5...
2025-12-19 15:10:15,781 - SerialWorker - INFO - Fin ']' détectée à la position 36
2025-12-19 15:10:15,781 - SerialWorker - INFO - ACK 0x35 détecté après ']'
2025-12-19 15:10:15,781 - SerialWorker - INFO - Données STATUS brutes: 23.38#46.16#-46.75#11.16#127.00#1#3
2025-12-19 15:10:15,781 - SerialWorker - INFO - STATUS parsé: {'temperature': 23.38, 'humidity': 46.16, 'tube_temperature': -46.75, 'dew_point': 11.16, 'pwm': 127.0, 'delta_temp': 1, 'dew_offset': 3}
2025-12-19 15:10:15,799 - __main__ - INFO - Commande STATUS: succès
2025-12-19 15:10:44,436 - SerialWorker - INFO - Envoi STATUS: 38
2025-12-19 15:10:44,437 - __main__ - INFO - STATUS envoyé
2025-12-19 15:10:45,806 - SerialWorker - INFO - Reçu 10 octets: 5b32332e33372334362e...
2025-12-19 15:10:45,807 - SerialWorker - INFO - Buffer: 5b32332e33372334362e...
2025-12-19 15:10:45,808 - SerialWorker - INFO - Buffer ASCII: [23.37#46....
2025-12-19 15:10:45,808 - SerialWorker - INFO - Début '[' détecté
2025-12-19 15:10:45,819 - SerialWorker - INFO - Reçu 25 octets: 3131232d34372e32312331312e3134233132372e3030233123...
2025-12-19 15:10:45,820 - SerialWorker - INFO - Buffer: 5b32332e33372334362e3131232d34372e32312331312e3134233132372e3030233123...
2025-12-19 15:10:45,820 - SerialWorker - INFO - Buffer ASCII: [23.37#46.11#-47.21#11.14#127.00#1#...
2025-12-19 15:10:45,831 - SerialWorker - INFO - Reçu 3 octets: 335d35...
2025-12-19 15:10:45,832 - SerialWorker - INFO - Buffer: 5b32332e33372334362e3131232d34372e32312331312e3134233132372e3030233123335d35...
2025-12-19 15:10:45,832 - SerialWorker - INFO - Buffer ASCII: [23.37#46.11#-47.21#11.14#127.00#1#3]5...
2025-12-19 15:10:45,833 - SerialWorker - INFO - Fin ']' détectée à la position 36
2025-12-19 15:10:45,833 - SerialWorker - INFO - ACK 0x35 détecté après ']'
2025-12-19 15:10:45,833 - SerialWorker - INFO - Données STATUS brutes: 23.37#46.11#-47.21#11.14#127.00#1#3
2025-12-19 15:10:45,834 - SerialWorker - INFO - STATUS parsé: {'temperature': 23.37, 'humidity': 46.11, 'tube_temperature': -47.21, 'dew_point': 11.14, 'pwm': 127.0, 'delta_temp': 1, 'dew_offset': 3}
2025-12-19 15:10:45,870 - __main__ - INFO - Commande STATUS: succès
2025-12-19 15:11:14,432 - SerialWorker - INFO - Envoi STATUS: 38
2025-12-19 15:11:14,433 - __main__ - INFO - STATUS envoyé
2025-12-19 15:11:15,851 - SerialWorker - INFO - Reçu 8 octets: 5b32332e33372334...
2025-12-19 15:11:15,851 - SerialWorker - INFO - Buffer: 5b32332e33372334...
2025-12-19 15:11:15,852 - SerialWorker - INFO - Buffer ASCII: [23.37#4...
2025-12-19 15:11:15,852 - SerialWorker - INFO - Début '[' détecté
2025-12-19 15:11:15,863 - SerialWorker - INFO - Reçu 23 octets: 362e3032232d34362e30382331312e3131233132372e30...
2025-12-19 15:11:15,863 - SerialWorker - INFO - Buffer: 5b32332e33372334362e3032232d34362e30382331312e3131233132372e30...
2025-12-19 15:11:15,864 - SerialWorker - INFO - Buffer ASCII: [23.37#46.02#-46.08#11.11#127.0...
2025-12-19 15:11:15,875 - SerialWorker - INFO - Reçu 7 octets: 30233123335d35...
2025-12-19 15:11:15,875 - SerialWorker - INFO - Buffer: 5b32332e33372334362e3032232d34362e30382331312e3131233132372e3030233123335d35...
2025-12-19 15:11:15,876 - SerialWorker - INFO - Buffer ASCII: [23.37#46.02#-46.08#11.11#127.00#1#3]5...
2025-12-19 15:11:15,876 - SerialWorker - INFO - Fin ']' détectée à la position 36
2025-12-19 15:11:15,876 - SerialWorker - INFO - ACK 0x35 détecté après ']'
2025-12-19 15:11:15,876 - SerialWorker - INFO - Données STATUS brutes: 23.37#46.02#-46.08#11.11#127.00#1#3
2025-12-19 15:11:15,876 - SerialWorker - INFO - STATUS parsé: {'temperature': 23.37, 'humidity': 46.02, 'tube_temperature': -46.08, 'dew_point': 11.11, 'pwm': 127.0, 'delta_temp': 1, 'dew_offset': 3}
2025-12-19 15:11:15,919 - __main__ - INFO - Commande STATUS: succès
2025-12-19 15:11:44,426 - SerialWorker - INFO - Envoi STATUS: 38
2025-12-19 15:11:44,427 - __main__ - INFO - STATUS envoyé
2025-12-19 15:11:45,895 - SerialWorker - INFO - Reçu 5 octets: 5b32332e33...
2025-12-19 15:11:45,896 - SerialWorker - INFO - Buffer: 5b32332e33...
2025-12-19 15:11:45,897 - SerialWorker - INFO - Buffer ASCII: [23.3...
2025-12-19 15:11:45,897 - SerialWorker - INFO - Début '[' détecté
2025-12-19 15:11:45,908 - SerialWorker - INFO - Reçu 24 octets: 342334362e3137232d34372e30392331312e313323313237...
2025-12-19 15:11:45,908 - SerialWorker - INFO - Buffer: 5b32332e33342334362e3137232d34372e30392331312e313323313237...
2025-12-19 15:11:45,908 - SerialWorker - INFO - Buffer ASCII: [23.34#46.17#-47.09#11.13#127...
2025-12-19 15:11:45,919 - SerialWorker - INFO - Reçu 9 octets: 2e3030233123335d35...
2025-12-19 15:11:45,920 - SerialWorker - INFO - Buffer: 5b32332e33342334362e3137232d34372e30392331312e3133233132372e3030233123335d35...
2025-12-19 15:11:45,921 - SerialWorker - INFO - Buffer ASCII: [23.34#46.17#-47.09#11.13#127.00#1#3]5...
2025-12-19 15:11:45,921 - SerialWorker - INFO - Fin ']' détectée à la position 36
2025-12-19 15:11:45,922 - SerialWorker - INFO - ACK 0x35 détecté après ']'
2025-12-19 15:11:45,922 - SerialWorker - INFO - Données STATUS brutes: 23.34#46.17#-47.09#11.13#127.00#1#3
2025-12-19 15:11:45,923 - SerialWorker - INFO - STATUS parsé: {'temperature': 23.34, 'humidity': 46.17, 'tube_temperature': -47.09, 'dew_point': 11.13, 'pwm': 127.0, 'delta_temp': 1, 'dew_offset': 3}
2025-12-19 15:11:45,976 - __main__ - INFO - Commande STATUS: succès
2025-12-19 15:12:14,434 - SerialWorker - INFO - Envoi STATUS: 38
2025-12-19 15:12:14,435 - __main__ - INFO - STATUS envoyé
2025-12-19 15:12:15,946 - SerialWorker - INFO - Reçu 15 octets: 5b32332e33332334362e3138232d34...
2025-12-19 15:12:15,947 - SerialWorker - INFO - Buffer: 5b32332e33332334362e3138232d34...
2025-12-19 15:12:15,947 - SerialWorker - INFO - Buffer ASCII: [23.33#46.18#-4...
2025-12-19 15:12:15,948 - SerialWorker - INFO - Début '[' détecté
2025-12-19 15:12:15,958 - SerialWorker - INFO - Reçu 23 octets: 362e38362331312e3132233132372e3030233123335d35...
2025-12-19 15:12:15,959 - SerialWorker - INFO - Buffer: 5b32332e33332334362e3138232d34362e38362331312e3132233132372e3030233123335d35...
2025-12-19 15:12:15,959 - SerialWorker - INFO - Buffer ASCII: [23.33#46.18#-46.86#11.12#127.00#1#3]5...
2025-12-19 15:12:15,959 - SerialWorker - INFO - Fin ']' détectée à la position 36
2025-12-19 15:12:15,960 - SerialWorker - INFO - ACK 0x35 détecté après ']'
2025-12-19 15:12:15,960 - SerialWorker - INFO - Données STATUS brutes: 23.33#46.18#-46.86#11.12#127.00#1#3
2025-12-19 15:12:15,961 - SerialWorker - INFO - STATUS parsé: {'temperature': 23.33, 'humidity': 46.18, 'tube_temperature': -46.86, 'dew_point': 11.12, 'pwm': 127.0, 'delta_temp': 1, 'dew_offset': 3}
2025-12-19 15:12:16,021 - __main__ - INFO - Commande STATUS: succès
2025-12-19 15:12:44,436 - SerialWorker - INFO - Envoi STATUS: 38
2025-12-19 15:12:44,437 - __main__ - INFO - STATUS envoyé
2025-12-19 15:12:45,989 - SerialWorker - INFO - Reçu 12 octets: 5b32332e33312334362e3138...
2025-12-19 15:12:45,990 - SerialWorker - INFO - Buffer: 5b32332e33312334362e3138...
2025-12-19 15:12:45,990 - SerialWorker - INFO - Buffer ASCII: [23.31#46.18...
2025-12-19 15:12:45,991 - SerialWorker - INFO - Début '[' détecté
2025-12-19 15:12:46,002 - SerialWorker - INFO - Reçu 25 octets: 232d34362e34312331312e3130233132372e3030233123335d...
2025-12-19 15:12:46,002 - SerialWorker - INFO - Buffer: 5b32332e33312334362e3138232d34362e34312331312e3130233132372e3030233123335d...
2025-12-19 15:12:46,003 - SerialWorker - INFO - Buffer ASCII: [23.31#46.18#-46.41#11.10#127.00#1#3]...
2025-12-19 15:12:46,003 - SerialWorker - INFO - Fin ']' détectée à la position 36
2025-12-19 15:12:46,014 - SerialWorker - INFO - Reçu 1 octets: 35...
2025-12-19 15:12:46,015 - SerialWorker - INFO - Buffer: 5b32332e33312334362e3138232d34362e34312331312e3130233132372e3030233123335d35...
2025-12-19 15:12:46,015 - SerialWorker - INFO - Buffer ASCII: [23.31#46.18#-46.41#11.10#127.00#1#3]5...
2025-12-19 15:12:46,016 - SerialWorker - INFO - ACK 0x35 reçu après attente
2025-12-19 15:12:46,016 - SerialWorker - INFO - Données STATUS brutes: 23.31#46.18#-46.41#11.10#127.00#1#3
2025-12-19 15:12:46,016 - SerialWorker - INFO - STATUS parsé: {'temperature': 23.31, 'humidity': 46.18, 'tube_temperature': -46.41, 'dew_point': 11.1, 'pwm': 127.0, 'delta_temp': 1, 'dew_offset': 3}
2025-12-19 15:12:46,083 - __main__ - INFO - Commande STATUS: succès
2025-12-19 15:13:14,438 - SerialWorker - INFO - Envoi STATUS: 38
2025-12-19 15:13:14,439 - __main__ - INFO - STATUS envoyé
2025-12-19 15:13:16,039 - SerialWorker - INFO - Reçu 19 octets: 5b32332e33302334362e3139232d34362e3633...
2025-12-19 15:13:16,040 - SerialWorker - INFO - Buffer: 5b32332e33302334362e3139232d34362e3633...
2025-12-19 15:13:16,041 - SerialWorker - INFO - Buffer ASCII: [23.30#46.19#-46.63...
2025-12-19 15:13:16,041 - SerialWorker - INFO - Début '[' détecté
2025-12-19 15:13:16,052 - SerialWorker - INFO - Reçu 19 octets: 2331312e3130233132372e3030233123335d35...
2025-12-19 15:13:16,052 - SerialWorker - INFO - Buffer: 5b32332e33302334362e3139232d34362e36332331312e3130233132372e3030233123335d35...
2025-12-19 15:13:16,053 - SerialWorker - INFO - Buffer ASCII: [23.30#46.19#-46.63#11.10#127.00#1#3]5...
2025-12-19 15:13:16,054 - SerialWorker - INFO - Fin ']' détectée à la position 36
2025-12-19 15:13:16,054 - SerialWorker - INFO - ACK 0x35 détecté après ']'
2025-12-19 15:13:16,054 - SerialWorker - INFO - Données STATUS brutes: 23.30#46.19#-46.63#11.10#127.00#1#3
2025-12-19 15:13:16,054 - SerialWorker - INFO - STATUS parsé: {'temperature': 23.3, 'humidity': 46.19, 'tube_temperature': -46.63, 'dew_point': 11.1, 'pwm': 127.0, 'delta_temp': 1, 'dew_offset': 3}
2025-12-19 15:13:16,145 - __main__ - INFO - Commande STATUS: succès
2025-12-19 15:13:44,433 - SerialWorker - INFO - Envoi STATUS: 38
2025-12-19 15:13:44,434 - __main__ - INFO - STATUS envoyé
2025-12-19 15:13:46,078 - SerialWorker - INFO - Reçu 4 octets: 5b32332e...
2025-12-19 15:13:46,079 - SerialWorker - INFO - Buffer: 5b32332e...
2025-12-19 15:13:46,080 - SerialWorker - INFO - Buffer ASCII: [23....
2025-12-19 15:13:46,080 - SerialWorker - INFO - Début '[' détecté
2025-12-19 15:13:46,091 - SerialWorker - INFO - Reçu 25 octets: 32392334362e3135232d34362e37352331312e303823313237...
2025-12-19 15:13:46,092 - SerialWorker - INFO - Buffer: 5b32332e32392334362e3135232d34362e37352331312e303823313237...
2025-12-19 15:13:46,093 - SerialWorker - INFO - Buffer ASCII: [23.29#46.15#-46.75#11.08#127...
2025-12-19 15:13:46,103 - SerialWorker - INFO - Reçu 9 octets: 2e3030233123335d35...
2025-12-19 15:13:46,104 - SerialWorker - INFO - Buffer: 5b32332e32392334362e3135232d34362e37352331312e3038233132372e3030233123335d35...
2025-12-19 15:13:46,105 - SerialWorker - INFO - Buffer ASCII: [23.29#46.15#-46.75#11.08#127.00#1#3]5...
2025-12-19 15:13:46,105 - SerialWorker - INFO - Fin ']' détectée à la position 36
2025-12-19 15:13:46,105 - SerialWorker - INFO - ACK 0x35 détecté après ']'
2025-12-19 15:13:46,106 - SerialWorker - INFO - Données STATUS brutes: 23.29#46.15#-46.75#11.08#127.00#1#3
2025-12-19 15:13:46,106 - SerialWorker - INFO - STATUS parsé: {'temperature': 23.29, 'humidity': 46.15, 'tube_temperature': -46.75, 'dew_point': 11.08, 'pwm': 127.0, 'delta_temp': 1, 'dew_offset': 3}
2025-12-19 15:13:46,201 - __main__ - INFO - Commande STATUS: succès
2025-12-19 15:14:14,427 - SerialWorker - INFO - Envoi STATUS: 38
2025-12-19 15:14:14,428 - __main__ - INFO - STATUS envoyé
2025-12-19 15:14:16,128 - SerialWorker - INFO - Reçu 10 octets: 5b32332e32382334362e...
2025-12-19 15:14:16,129 - SerialWorker - INFO - Buffer: 5b32332e32382334362e...
2025-12-19 15:14:16,130 - SerialWorker - INFO - Buffer ASCII: [23.28#46....
2025-12-19 15:14:16,130 - SerialWorker - INFO - Début '[' détecté
2025-12-19 15:14:16,140 - SerialWorker - INFO - Reçu 23 octets: 3139232d34372e32312331312e3038233132372e303023...
2025-12-19 15:14:16,141 - SerialWorker - INFO - Buffer: 5b32332e32382334362e3139232d34372e32312331312e3038233132372e303023...
2025-12-19 15:14:16,141 - SerialWorker - INFO - Buffer ASCII: [23.28#46.19#-47.21#11.08#127.00#...
2025-12-19 15:14:16,152 - SerialWorker - INFO - Reçu 5 octets: 3123335d35...
2025-12-19 15:14:16,152 - SerialWorker - INFO - Buffer: 5b32332e32382334362e3139232d34372e32312331312e3038233132372e3030233123335d35...
2025-12-19 15:14:16,153 - SerialWorker - INFO - Buffer ASCII: [23.28#46.19#-47.21#11.08#127.00#1#3]5...
2025-12-19 15:14:16,153 - SerialWorker - INFO - Fin ']' détectée à la position 36
2025-12-19 15:14:16,153 - SerialWorker - INFO - ACK 0x35 détecté après ']'
2025-12-19 15:14:16,154 - SerialWorker - INFO - Données STATUS brutes: 23.28#46.19#-47.21#11.08#127.00#1#3
2025-12-19 15:14:16,154 - SerialWorker - INFO - STATUS parsé: {'temperature': 23.28, 'humidity': 46.19, 'tube_temperature': -47.21, 'dew_point': 11.08, 'pwm': 127.0, 'delta_temp': 1, 'dew_offset': 3}
2025-12-19 15:14:16,206 - __main__ - INFO - Commande STATUS: succès
2025-12-19 15:14:44,440 - SerialWorker - INFO - Envoi STATUS: 38
2025-12-19 15:14:44,441 - __main__ - INFO - STATUS envoyé
2025-12-19 15:14:46,175 - SerialWorker - INFO - Reçu 11 octets: 5b32332e32382334362e31...
2025-12-19 15:14:46,176 - SerialWorker - INFO - Buffer: 5b32332e32382334362e31...
2025-12-19 15:14:46,176 - SerialWorker - INFO - Buffer ASCII: [23.28#46.1...
2025-12-19 15:14:46,177 - SerialWorker - INFO - Début '[' détecté
2025-12-19 15:14:46,187 - SerialWorker - INFO - Reçu 23 octets: 33232d34372e30392331312e3036233132372e30302331...
2025-12-19 15:14:46,188 - SerialWorker - INFO - Buffer: 5b32332e32382334362e3133232d34372e30392331312e3036233132372e30302331...
2025-12-19 15:14:46,189 - SerialWorker - INFO - Buffer ASCII: [23.28#46.13#-47.09#11.06#127.00#1...
2025-12-19 15:14:46,200 - SerialWorker - INFO - Reçu 4 octets: 23335d35...
2025-12-19 15:14:46,200 - SerialWorker - INFO - Buffer: 5b32332e32382334362e3133232d34372e30392331312e3036233132372e3030233123335d35...
2025-12-19 15:14:46,201 - SerialWorker - INFO - Buffer ASCII: [23.28#46.13#-47.09#11.06#127.00#1#3]5...
2025-12-19 15:14:46,201 - SerialWorker - INFO - Fin ']' détectée à la position 36
2025-12-19 15:14:46,202 - SerialWorker - INFO - ACK 0x35 détecté après ']'
2025-12-19 15:14:46,202 - SerialWorker - INFO - Données STATUS brutes: 23.28#46.13#-47.09#11.06#127.00#1#3
2025-12-19 15:14:46,202 - SerialWorker - INFO - STATUS parsé: {'temperature': 23.28, 'humidity': 46.13, 'tube_temperature': -47.09, 'dew_point': 11.06, 'pwm': 127.0, 'delta_temp': 1, 'dew_offset': 3}
2025-12-19 15:14:46,279 - __main__ - INFO - Commande STATUS: succès
2025-12-19 15:15:14,438 - SerialWorker - INFO - Envoi STATUS: 38
2025-12-19 15:15:14,439 - __main__ - INFO - STATUS envoyé
2025-12-19 15:15:16,218 - SerialWorker - INFO - Reçu 5 octets: 5b32332e32...
2025-12-19 15:15:16,219 - SerialWorker - INFO - Buffer: 5b32332e32...
2025-12-19 15:15:16,220 - SerialWorker - INFO - Buffer ASCII: [23.2...
2025-12-19 15:15:16,220 - SerialWorker - INFO - Début '[' détecté
2025-12-19 15:15:16,230 - SerialWorker - INFO - Reçu 23 octets: 372334362e3037232d34362e36332331312e3033233132...
2025-12-19 15:15:16,231 - SerialWorker - INFO - Buffer: 5b32332e32372334362e3037232d34362e36332331312e3033233132...
2025-12-19 15:15:16,232 - SerialWorker - INFO - Buffer ASCII: [23.27#46.07#-46.63#11.03#12...
2025-12-19 15:15:16,243 - SerialWorker - INFO - Reçu 10 octets: 372e3030233123335d35...
2025-12-19 15:15:16,243 - SerialWorker - INFO - Buffer: 5b32332e32372334362e3037232d34362e36332331312e3033233132372e3030233123335d35...
2025-12-19 15:15:16,244 - SerialWorker - INFO - Buffer ASCII: [23.27#46.07#-46.63#11.03#127.00#1#3]5...
2025-12-19 15:15:16,244 - SerialWorker - INFO - Fin ']' détectée à la position 36
2025-12-19 15:15:16,244 - SerialWorker - INFO - ACK 0x35 détecté après ']'
2025-12-19 15:15:16,244 - SerialWorker - INFO - Données STATUS brutes: 23.27#46.07#-46.63#11.03#127.00#1#3
2025-12-19 15:15:16,244 - SerialWorker - INFO - STATUS parsé: {'temperature': 23.27, 'humidity': 46.07, 'tube_temperature': -46.63, 'dew_point': 11.03, 'pwm': 127.0, 'delta_temp': 1, 'dew_offset': 3}
2025-12-19 15:15:16,328 - __main__ - INFO - Commande STATUS: succès
2025-12-19 15:15:44,427 - SerialWorker - INFO - Envoi STATUS: 38
2025-12-19 15:15:44,428 - __main__ - INFO - STATUS envoyé
2025-12-19 15:15:46,267 - SerialWorker - INFO - Reçu 10 octets: 5b32332e32382334362e...
2025-12-19 15:15:46,267 - SerialWorker - INFO - Buffer: 5b32332e32382334362e...
2025-12-19 15:15:46,268 - SerialWorker - INFO - Buffer ASCII: [23.28#46....
2025-12-19 15:15:46,268 - SerialWorker - INFO - Début '[' détecté
2025-12-19 15:15:46,279 - SerialWorker - INFO - Reçu 22 octets: 3031232d34362e34312331312e3032233132372e3030...
2025-12-19 15:15:46,279 - SerialWorker - INFO - Buffer: 5b32332e32382334362e3031232d34362e34312331312e3032233132372e3030...
2025-12-19 15:15:46,280 - SerialWorker - INFO - Buffer ASCII: [23.28#46.01#-46.41#11.02#127.00...
2025-12-19 15:15:46,291 - SerialWorker - INFO - Reçu 6 octets: 233123335d35...
2025-12-19 15:15:46,292 - SerialWorker - INFO - Buffer: 5b32332e32382334362e3031232d34362e34312331312e3032233132372e3030233123335d35...
2025-12-19 15:15:46,292 - SerialWorker - INFO - Buffer ASCII: [23.28#46.01#-46.41#11.02#127.00#1#3]5...
2025-12-19 15:15:46,293 - SerialWorker - INFO - Fin ']' détectée à la position 36
2025-12-19 15:15:46,293 - SerialWorker - INFO - ACK 0x35 détecté après ']'
2025-12-19 15:15:46,293 - SerialWorker - INFO - Données STATUS brutes: 23.28#46.01#-46.41#11.02#127.00#1#3
2025-12-19 15:15:46,293 - SerialWorker - INFO - STATUS parsé: {'temperature': 23.28, 'humidity': 46.01, 'tube_temperature': -46.41, 'dew_point': 11.02, 'pwm': 127.0, 'delta_temp': 1, 'dew_offset': 3}
2025-12-19 15:15:46,370 - __main__ - INFO - Commande STATUS: succès
2025-12-19 15:16:14,438 - SerialWorker - INFO - Envoi STATUS: 38
2025-12-19 15:16:14,439 - __main__ - INFO - STATUS envoyé
2025-12-19 15:16:16,312 - SerialWorker - INFO - Reçu 5 octets: 5b32332e32...
2025-12-19 15:16:16,312 - SerialWorker - INFO - Buffer: 5b32332e32...
2025-12-19 15:16:16,313 - SerialWorker - INFO - Buffer ASCII: [23.2...
2025-12-19 15:16:16,313 - SerialWorker - INFO - Début '[' détecté
2025-12-19 15:16:16,324 - SerialWorker - INFO - Reçu 23 octets: 382334352e3935232d34362e39382331312e3030233132...
2025-12-19 15:16:16,324 - SerialWorker - INFO - Buffer: 5b32332e32382334352e3935232d34362e39382331312e3030233132...
2025-12-19 15:16:16,325 - SerialWorker - INFO - Buffer ASCII: [23.28#45.95#-46.98#11.00#12...
2025-12-19 15:16:16,336 - SerialWorker - INFO - Reçu 10 octets: 372e3030233123335d35...
2025-12-19 15:16:16,337 - SerialWorker - INFO - Buffer: 5b32332e32382334352e3935232d34362e39382331312e3030233132372e3030233123335d35...
2025-12-19 15:16:16,338 - SerialWorker - INFO - Buffer ASCII: [23.28#45.95#-46.98#11.00#127.00#1#3]5...
2025-12-19 15:16:16,338 - SerialWorker - INFO - Fin ']' détectée à la position 36
2025-12-19 15:16:16,338 - SerialWorker - INFO - ACK 0x35 détecté après ']'
2025-12-19 15:16:16,339 - SerialWorker - INFO - Données STATUS brutes: 23.28#45.95#-46.98#11.00#127.00#1#3
2025-12-19 15:16:16,339 - SerialWorker - INFO - STATUS parsé: {'temperature': 23.28, 'humidity': 45.95, 'tube_temperature': -46.98, 'dew_point': 11.0, 'pwm': 127.0, 'delta_temp': 1, 'dew_offset': 3}
2025-12-19 15:16:16,484 - __main__ - INFO - Commande STATUS: succès
2025-12-19 15:16:44,428 - SerialWorker - INFO - Envoi STATUS: 38
2025-12-19 15:16:44,429 - __main__ - INFO - STATUS envoyé
2025-12-19 15:16:46,360 - SerialWorker - INFO - Reçu 7 octets: 5b32332e323823...
2025-12-19 15:16:46,361 - SerialWorker - INFO - Buffer: 5b32332e323823...
2025-12-19 15:16:46,361 - SerialWorker - INFO - Buffer ASCII: [23.28#...
2025-12-19 15:16:46,362 - SerialWorker - INFO - Début '[' détecté
2025-12-19 15:16:46,373 - SerialWorker - INFO - Reçu 24 octets: 34352e3931232d34362e36332331302e3939233132372e30...
2025-12-19 15:16:46,373 - SerialWorker - INFO - Buffer: 5b32332e32382334352e3931232d34362e36332331302e3939233132372e30...
2025-12-19 15:16:46,374 - SerialWorker - INFO - Buffer ASCII: [23.28#45.91#-46.63#10.99#127.0...
2025-12-19 15:16:46,385 - SerialWorker - INFO - Reçu 7 octets: 30233123335d35...
2025-12-19 15:16:46,385 - SerialWorker - INFO - Buffer: 5b32332e32382334352e3931232d34362e36332331302e3939233132372e3030233123335d35...
2025-12-19 15:16:46,386 - SerialWorker - INFO - Buffer ASCII: [23.28#45.91#-46.63#10.99#127.00#1#3]5...
2025-12-19 15:16:46,386 - SerialWorker - INFO - Fin ']' détectée à la position 36
2025-12-19 15:16:46,387 - SerialWorker - INFO - ACK 0x35 détecté après ']'
2025-12-19 15:16:46,387 - SerialWorker - INFO - Données STATUS brutes: 23.28#45.91#-46.63#10.99#127.00#1#3
2025-12-19 15:16:46,387 - SerialWorker - INFO - STATUS parsé: {'temperature': 23.28, 'humidity': 45.91, 'tube_temperature': -46.63, 'dew_point': 10.99, 'pwm': 127.0, 'delta_temp': 1, 'dew_offset': 3}
2025-12-19 15:16:46,525 - __main__ - INFO - Commande STATUS: succès
2025-12-19 15:17:14,436 - SerialWorker - INFO - Envoi STATUS: 38
2025-12-19 15:17:14,437 - __main__ - INFO - STATUS envoyé
2025-12-19 15:17:16,409 - SerialWorker - INFO - Reçu 9 octets: 5b32332e3238233435...
2025-12-19 15:17:16,409 - SerialWorker - INFO - Buffer: 5b32332e3238233435...
2025-12-19 15:17:16,410 - SerialWorker - INFO - Buffer ASCII: [23.28#45...
2025-12-19 15:17:16,410 - SerialWorker - INFO - Début '[' détecté
2025-12-19 15:17:16,421 - SerialWorker - INFO - Reçu 24 octets: 2e3831232d34372e33332331302e3936233132372e303023...
2025-12-19 15:17:16,421 - SerialWorker - INFO - Buffer: 5b32332e32382334352e3831232d34372e33332331302e3936233132372e303023...
2025-12-19 15:17:16,422 - SerialWorker - INFO - Buffer ASCII: [23.28#45.81#-47.33#10.96#127.00#...
2025-12-19 15:17:16,433 - SerialWorker - INFO - Reçu 5 octets: 3123335d35...
2025-12-19 15:17:16,433 - SerialWorker - INFO - Buffer: 5b32332e32382334352e3831232d34372e33332331302e3936233132372e3030233123335d35...
2025-12-19 15:17:16,434 - SerialWorker - INFO - Buffer ASCII: [23.28#45.81#-47.33#10.96#127.00#1#3]5...
2025-12-19 15:17:16,435 - SerialWorker - INFO - Fin ']' détectée à la position 36
2025-12-19 15:17:16,435 - SerialWorker - INFO - ACK 0x35 détecté après ']'
2025-12-19 15:17:16,435 - SerialWorker - INFO - Données STATUS brutes: 23.28#45.81#-47.33#10.96#127.00#1#3
2025-12-19 15:17:16,435 - SerialWorker - INFO - STATUS parsé: {'temperature': 23.28, 'humidity': 45.81, 'tube_temperature': -47.33, 'dew_point': 10.96, 'pwm': 127.0, 'delta_temp': 1, 'dew_offset': 3}
2025-12-19 15:17:16,584 - __main__ - INFO - Commande STATUS: succès
2025-12-19 15:17:44,433 - SerialWorker - INFO - Envoi STATUS: 38
2025-12-19 15:17:44,434 - __main__ - INFO - STATUS envoyé
2025-12-19 15:17:46,454 - SerialWorker - INFO - Reçu 4 octets: 5b32332e...
2025-12-19 15:17:46,454 - SerialWorker - INFO - Buffer: 5b32332e...
2025-12-19 15:17:46,455 - SerialWorker - INFO - Buffer ASCII: [23....
2025-12-19 15:17:46,455 - SerialWorker - INFO - Début '[' détecté
2025-12-19 15:17:46,466 - SerialWorker - INFO - Reçu 24 octets: 32372334352e3830232d34372e30392331302e3934233132...
2025-12-19 15:17:46,466 - SerialWorker - INFO - Buffer: 5b32332e32372334352e3830232d34372e30392331302e3934233132...
2025-12-19 15:17:46,467 - SerialWorker - INFO - Buffer ASCII: [23.27#45.80#-47.09#10.94#12...
2025-12-19 15:17:46,477 - SerialWorker - INFO - Reçu 10 octets: 372e3030233123335d35...
2025-12-19 15:17:46,478 - SerialWorker - INFO - Buffer: 5b32332e32372334352e3830232d34372e30392331302e3934233132372e3030233123335d35...
2025-12-19 15:17:46,478 - SerialWorker - INFO - Buffer ASCII: [23.27#45.80#-47.09#10.94#127.00#1#3]5...
2025-12-19 15:17:46,479 - SerialWorker - INFO - Fin ']' détectée à la position 36
2025-12-19 15:17:46,479 - SerialWorker - INFO - ACK 0x35 détecté après ']'
2025-12-19 15:17:46,479 - SerialWorker - INFO - Données STATUS brutes: 23.27#45.80#-47.09#10.94#127.00#1#3
2025-12-19 15:17:46,479 - SerialWorker - INFO - STATUS parsé: {'temperature': 23.27, 'humidity': 45.8, 'tube_temperature': -47.09, 'dew_point': 10.94, 'pwm': 127.0, 'delta_temp': 1, 'dew_offset': 3}
2025-12-19 15:17:46,604 - __main__ - INFO - Commande STATUS: succès
2025-12-19 15:17:56,788 - SerialWorker - INFO - Déconnexion
2025-12-19 15:17:56,796 - SerialWorker - INFO - Arrêt lecture
2025-12-19 15:17:56,904 - __main__ - INFO - Déconnecté
2025-12-19 15:17:58,278 - SerialWorker - INFO - Déconnexion
2025-12-19 15:17:58,279 - __main__ - INFO - Déconnecté
2025-12-19 15:18:03,443 - SerialWorker - INFO - SerialWorker corrigé initialisé
2025-12-19 15:18:03,628 - SerialWorker - INFO - Démarrage lecture
2025-12-19 15:18:03,629 - SerialWorker - INFO - Arrêt lecture
2025-12-19 15:18:16,604 - SerialWorker - INFO - Déconnexion
2025-12-19 15:18:16,605 - __main__ - INFO - Déconnecté
2025-12-19 15:18:48,220 - SerialWorker - INFO - SerialWorker corrigé initialisé
2025-12-19 15:18:48,422 - SerialWorker - INFO - Démarrage lecture
2025-12-19 15:18:48,423 - SerialWorker - INFO - Arrêt lecture
2025-12-19 15:19:28,526 - SerialWorker - INFO - Démarrage lecture
2025-12-19 15:19:28,527 - __main__ - INFO - Connecté à COM8. Attente démarrage...
2025-12-19 15:19:38,527 - SerialWorker - INFO - Envoi HELLO après démarrage
2025-12-19 15:19:38,628 - SerialWorker - INFO - Envoi HELLO: 30
2025-12-19 15:19:38,629 - __main__ - INFO - HELLO envoyé
2025-12-19 15:19:39,793 - SerialWorker - INFO - Reçu 2 octets: 3035...
2025-12-19 15:19:39,794 - SerialWorker - INFO - Buffer: 3035...
2025-12-19 15:19:39,795 - SerialWorker - INFO - HELLO: Première connexion
2025-12-19 15:19:39,795 - __main__ - INFO - Première connexion établie
2025-12-19 15:19:39,796 - __main__ - INFO - Commande HELLO: succès
2025-12-19 15:19:43,629 - SerialWorker - INFO - Envoi STATUS après démarrage
2025-12-19 15:19:43,730 - SerialWorker - INFO - Envoi STATUS: 38
2025-12-19 15:19:43,731 - __main__ - INFO - STATUS envoyé
2025-12-19 15:19:46,474 - SerialWorker - INFO - Reçu 13 octets: 5b32332e32362334352e393123...
2025-12-19 15:19:46,475 - SerialWorker - INFO - Buffer: 5b32332e32362334352e393123...
2025-12-19 15:19:46,475 - SerialWorker - INFO - Buffer ASCII: [23.26#45.91#...
2025-12-19 15:19:46,476 - SerialWorker - INFO - Début '[' détecté
2025-12-19 15:19:46,486 - SerialWorker - INFO - Reçu 23 octets: 2d34372e32312331302e3937233132372e303023312333...
2025-12-19 15:19:46,486 - SerialWorker - INFO - Buffer: 5b32332e32362334352e3931232d34372e32312331302e3937233132372e303023312333...
2025-12-19 15:19:46,487 - SerialWorker - INFO - Buffer ASCII: [23.26#45.91#-47.21#10.97#127.00#1#3...
2025-12-19 15:19:46,497 - SerialWorker - INFO - Reçu 2 octets: 5d35...
2025-12-19 15:19:46,498 - SerialWorker - INFO - Buffer: 5b32332e32362334352e3931232d34372e32312331302e3937233132372e3030233123335d35...
2025-12-19 15:19:46,498 - SerialWorker - INFO - Buffer ASCII: [23.26#45.91#-47.21#10.97#127.00#1#3]5...
2025-12-19 15:19:46,498 - SerialWorker - INFO - Fin ']' détectée à la position 36
2025-12-19 15:19:46,499 - SerialWorker - INFO - ACK 0x35 détecté après ']'
2025-12-19 15:19:46,499 - SerialWorker - INFO - Données STATUS brutes: 23.26#45.91#-47.21#10.97#127.00#1#3
2025-12-19 15:19:46,499 - SerialWorker - INFO - STATUS parsé: {'temperature': 23.26, 'humidity': 45.91, 'tube_temperature': -47.21, 'dew_point': 10.97, 'pwm': 127.0, 'delta_temp': 1, 'dew_offset': 3}
2025-12-19 15:19:46,503 - __main__ - INFO - Commande STATUS: succès
2025-12-19 15:19:58,628 - SerialWorker - INFO - Envoi STATUS: 38
2025-12-19 15:19:58,629 - __main__ - INFO - STATUS envoyé
2025-12-19 15:19:59,832 - SerialWorker - INFO - Reçu 18 octets: 5b32332e32372334352e3834232d34362e37...
2025-12-19 15:19:59,832 - SerialWorker - INFO - Buffer: 5b32332e32372334352e3834232d34362e37...
2025-12-19 15:19:59,833 - SerialWorker - INFO - Buffer ASCII: [23.27#45.84#-46.7...
2025-12-19 15:19:59,833 - SerialWorker - INFO - Début '[' détecté
2025-12-19 15:19:59,844 - SerialWorker - INFO - Reçu 20 octets: 352331302e3936233132372e3030233123335d35...
2025-12-19 15:19:59,845 - SerialWorker - INFO - Buffer: 5b32332e32372334352e3834232d34362e37352331302e3936233132372e3030233123335d35...
2025-12-19 15:19:59,845 - SerialWorker - INFO - Buffer ASCII: [23.27#45.84#-46.75#10.96#127.00#1#3]5...
2025-12-19 15:19:59,845 - SerialWorker - INFO - Fin ']' détectée à la position 36
2025-12-19 15:19:59,846 - SerialWorker - INFO - ACK 0x35 détecté après ']'
2025-12-19 15:19:59,846 - SerialWorker - INFO - Données STATUS brutes: 23.27#45.84#-46.75#10.96#127.00#1#3
2025-12-19 15:19:59,846 - SerialWorker - INFO - STATUS parsé: {'temperature': 23.27, 'humidity': 45.84, 'tube_temperature': -46.75, 'dew_point': 10.96, 'pwm': 127.0, 'delta_temp': 1, 'dew_offset': 3}
2025-12-19 15:19:59,856 - __main__ - INFO - Commande STATUS: succès
2025-12-19 15:20:21,555 - SerialWorker - ERROR - Erreur lecture: ClearCommError failed (PermissionError(13, 'Accès refusé.', None, 5))
2025-12-19 15:20:22,555 - SerialWorker - ERROR - Erreur lecture: ClearCommError failed (PermissionError(13, 'Accès refusé.', None, 5))
2025-12-19 15:20:23,556 - SerialWorker - ERROR - Erreur lecture: ClearCommError failed (PermissionError(13, 'Accès refusé.', None, 5))
2025-12-19 15:20:24,557 - SerialWorker - ERROR - Erreur lecture: ClearCommError failed (PermissionError(13, 'Accès refusé.', None, 5))
2025-12-19 15:20:25,558 - SerialWorker - ERROR - Erreur lecture: ClearCommError failed (PermissionError(13, 'Accès refusé.', None, 5))
2025-12-19 15:20:26,559 - SerialWorker - ERROR - Erreur lecture: ClearCommError failed (PermissionError(13, 'Accès refusé.', None, 5))
2025-12-19 15:20:27,560 - SerialWorker - ERROR - Erreur lecture: ClearCommError failed (PermissionError(13, 'Accès refusé.', None, 5))
2025-12-19 15:20:28,561 - SerialWorker - ERROR - Erreur lecture: ClearCommError failed (PermissionError(13, 'Accès refusé.', None, 5))
2025-12-19 15:20:28,621 - SerialWorker - INFO - Envoi STATUS: 38
2025-12-19 15:20:28,622 - SerialWorker - ERROR - Erreur envoi STATUS: WriteFile failed (PermissionError(13, 'Accès refusé.', None, 5))
2025-12-19 15:20:28,622 - __main__ - INFO - Erreur envoi STATUS: WriteFile failed (PermissionError(13, 'Accès refusé.', None, 5))
2025-12-19 15:20:29,562 - SerialWorker - ERROR - Erreur lecture: ClearCommError failed (PermissionError(13, 'Accès refusé.', None, 5))
2025-12-19 15:20:30,563 - SerialWorker - ERROR - Erreur lecture: ClearCommError failed (PermissionError(13, 'Accès refusé.', None, 5))
2025-12-19 15:20:31,564 - SerialWorker - ERROR - Erreur lecture: ClearCommError failed (PermissionError(13, 'Accès refusé.', None, 5))
2025-12-19 15:20:32,565 - SerialWorker - ERROR - Erreur lecture: ClearCommError failed (PermissionError(13, 'Accès refusé.', None, 5))
2025-12-19 15:20:33,566 - SerialWorker - ERROR - Erreur lecture: ClearCommError failed (PermissionError(13, 'Accès refusé.', None, 5))
2025-12-19 15:20:34,567 - SerialWorker - ERROR - Erreur lecture: ClearCommError failed (PermissionError(13, 'Accès refusé.', None, 5))
2025-12-19 15:20:35,568 - SerialWorker - ERROR - Erreur lecture: ClearCommError failed (PermissionError(13, 'Accès refusé.', None, 5))
2025-12-19 15:20:36,569 - SerialWorker - ERROR - Erreur lecture: ClearCommError failed (PermissionError(13, 'Accès refusé.', None, 5))
2025-12-19 15:20:37,570 - SerialWorker - ERROR - Erreur lecture: ClearCommError failed (PermissionError(13, 'Accès refusé.', None, 5))
2025-12-19 15:20:38,572 - SerialWorker - ERROR - Erreur lecture: ClearCommError failed (PermissionError(13, 'Accès refusé.', None, 5))
2025-12-19 15:20:39,573 - SerialWorker - ERROR - Erreur lecture: ClearCommError failed (PermissionError(13, 'Accès refusé.', None, 5))
2025-12-19 15:20:40,574 - SerialWorker - ERROR - Erreur lecture: ClearCommError failed (PermissionError(13, 'Accès refusé.', None, 5))
2025-12-19 15:20:41,575 - SerialWorker - ERROR - Erreur lecture: ClearCommError failed (PermissionError(13, 'Accès refusé.', None, 5))
2025-12-19 15:20:42,576 - SerialWorker - ERROR - Erreur lecture: ClearCommError failed (PermissionError(13, 'Accès refusé.', None, 5))
2025-12-19 15:20:43,576 - SerialWorker - ERROR - Erreur lecture: ClearCommError failed (PermissionError(13, 'Accès refusé.', None, 5))
2025-12-19 15:20:44,578 - SerialWorker - ERROR - Erreur lecture: ClearCommError failed (PermissionError(13, 'Accès refusé.', None, 5))
2025-12-19 15:20:44,658 - SerialWorker - INFO - Déconnexion
2025-12-19 15:20:44,658 - __main__ - INFO - Déconnecté
2025-12-19 15:20:45,579 - SerialWorker - INFO - Arrêt lecture
2025-12-19 15:20:48,845 - SerialWorker - INFO - Déconnexion
2025-12-19 15:20:48,845 - __main__ - INFO - Déconnecté
