18:41:49.691 - STATE:INIT - SerialWorker corrigé initialisé
18:41:49.873 - STATE:WAITING_START - Démarrage lecture
18:41:49.874 - STATE:WAITING_START - Arrêt lecture
18:41:56.773 - STATE:WAITING_START - Démarrage lecture
18:42:06.774 - STATE:WAITING_START - Envoi HELLO après démarrage
18:42:06.874 - STATE:IDLE - Envoi HELLO: 30
18:42:08.040 - STATE:IDLE - Reçu 2 octets: 3035...
18:42:08.041 - STATE:IDLE - Buffer: 3035...
18:42:08.042 - STATE:IDLE - HELLO: Première connexion
18:42:11.875 - STATE:IDLE - Envoi STATUS après démarrage
18:42:11.976 - STATE:WAITING_START - Envoi STATUS: 38
18:42:14.721 - STATE:WAITING_START - Reçu 16 octets: 5b32342e38342333362e3139232d3436...
18:42:14.722 - STATE:WAITING_START - Buffer: 5b32342e38342333362e3139232d3436...
18:42:14.723 - STATE:WAITING_START - Buffer ASCII: [24.84#36.19#-46...
18:42:14.723 - STATE:WAITING_START - Début '[' détecté
18:42:14.733 - STATE:IN_DATA - Reçu 21 octets: 2e333023382e3834233230342e3030233323335d35...
18:42:14.734 - STATE:IN_DATA - Buffer: 5b32342e38342333362e3139232d34362e333023382e3834233230342e3030233323335d35...
18:42:14.734 - STATE:IN_DATA - Buffer ASCII: [24.84#36.19#-46.30#8.84#204.00#3#3]5...
18:42:14.735 - STATE:IN_DATA - Fin ']' détectée à la position 35
18:42:14.735 - STATE:IN_DATA - ACK 0x35 détecté après ']'
18:42:14.735 - STATE:IN_DATA - Données STATUS brutes: 24.84#36.19#-46.30#8.84#204.00#3#3
18:42:14.735 - STATE:IN_DATA - STATUS parsé: {'temperature': 24.84, 'humidity': 36.19, 'tube_temperature': -46.3, 'dew_point': 8.84, 'pwm': 204.0, 'delta_temp': 3, 'dew_offset': 3}
18:42:35.250 - STATE:IDLE - Envoi REGUL: 37
18:42:38.092 - STATE:IDLE - Reçu 1 octets: 35...
18:42:38.092 - STATE:IDLE - Buffer: 35...
18:42:38.093 - STATE:IDLE - REGUL: ACK reçu
18:42:38.609 - STATE:WAITING_START - Envoi STATUS: 38
18:42:41.427 - STATE:WAITING_START - Reçu 6 octets: 5b32342e3836...
18:42:41.427 - STATE:WAITING_START - Buffer: 5b32342e3836...
18:42:41.428 - STATE:WAITING_START - Buffer ASCII: [24.86...
18:42:41.428 - STATE:WAITING_START - Début '[' détecté
18:42:41.438 - STATE:IN_DATA - Reçu 22 octets: 2333362e3135232d34362e333023382e383423323535...
18:42:41.438 - STATE:IN_DATA - Buffer: 5b32342e38362333362e3135232d34362e333023382e383423323535...
18:42:41.439 - STATE:IN_DATA - Buffer ASCII: [24.86#36.15#-46.30#8.84#255...
18:42:41.449 - STATE:IN_DATA - Reçu 9 octets: 2e3030233323335d35...
18:42:41.450 - STATE:IN_DATA - Buffer: 5b32342e38362333362e3135232d34362e333023382e3834233235352e3030233323335d35...
18:42:41.450 - STATE:IN_DATA - Buffer ASCII: [24.86#36.15#-46.30#8.84#255.00#3#3]5...
18:42:41.450 - STATE:IN_DATA - Fin ']' détectée à la position 35
18:42:41.451 - STATE:IN_DATA - ACK 0x35 détecté après ']'
18:42:41.451 - STATE:IN_DATA - Données STATUS brutes: 24.86#36.15#-46.30#8.84#255.00#3#3
18:42:41.451 - STATE:IN_DATA - STATUS parsé: {'temperature': 24.86, 'humidity': 36.15, 'tube_temperature': -46.3, 'dew_point': 8.84, 'pwm': 255.0, 'delta_temp': 3, 'dew_offset': 3}
18:42:45.041 - STATE:IDLE - Envoi SAVE: 39
18:42:48.117 - STATE:IDLE - Reçu 1 octets: 35...
18:42:48.118 - STATE:IDLE - Buffer: 35...
18:42:48.118 - STATE:IDLE - SAVE: ACK reçu
18:42:50.917 - STATE:IDLE - Déconnexion
18:42:50.921 - STATE:IDLE - Arrêt lecture
18:42:53.276 - STATE:IDLE - Démarrage lecture
18:43:03.277 - STATE:IDLE - Envoi HELLO après démarrage
18:43:03.377 - STATE:IDLE - Envoi HELLO: 30
18:43:04.548 - STATE:IDLE - Reçu 2 octets: 3035...
18:43:04.548 - STATE:IDLE - Buffer: 3035...
18:43:04.549 - STATE:IDLE - HELLO: Première connexion
18:43:08.378 - STATE:IDLE - Envoi STATUS après démarrage
18:43:08.479 - STATE:WAITING_START - Envoi STATUS: 38
18:43:11.220 - STATE:WAITING_START - Reçu 7 octets: 5b32342e383923...
18:43:11.221 - STATE:WAITING_START - Buffer: 5b32342e383923...
18:43:11.221 - STATE:WAITING_START - Buffer ASCII: [24.89#...
18:43:11.221 - STATE:WAITING_START - Début '[' détecté
18:43:11.232 - STATE:IN_DATA - Reçu 22 octets: 33362e3036232d34362e333023382e3833233235352e...
18:43:11.232 - STATE:IN_DATA - Buffer: 5b32342e38392333362e3036232d34362e333023382e3833233235352e...
18:43:11.233 - STATE:IN_DATA - Buffer ASCII: [24.89#36.06#-46.30#8.83#255....
18:43:11.244 - STATE:IN_DATA - Reçu 8 octets: 3030233323335d35...
18:43:11.244 - STATE:IN_DATA - Buffer: 5b32342e38392333362e3036232d34362e333023382e3833233235352e3030233323335d35...
18:43:11.245 - STATE:IN_DATA - Buffer ASCII: [24.89#36.06#-46.30#8.83#255.00#3#3]5...
18:43:11.245 - STATE:IN_DATA - Fin ']' détectée à la position 35
18:43:11.245 - STATE:IN_DATA - ACK 0x35 détecté après ']'
18:43:11.245 - STATE:IN_DATA - Données STATUS brutes: 24.89#36.06#-46.30#8.83#255.00#3#3
18:43:11.245 - STATE:IN_DATA - STATUS parsé: {'temperature': 24.89, 'humidity': 36.06, 'tube_temperature': -46.3, 'dew_point': 8.83, 'pwm': 255.0, 'delta_temp': 3, 'dew_offset': 3}
18:43:23.757 - STATE:IDLE - Déconnexion
18:43:23.767 - STATE:IDLE - Arrêt lecture
18:43:28.422 - STATE:IDLE - Déconnexion
